2024-09-03 01:20:35.303 +03:00 [INF] Request starting HTTP/2 GET https://localhost:7216/api/_Users/name/hr_manager@outlook.com - null null
2024-09-03 01:20:35.310 +03:00 [INF] CORS policy execution successful.
2024-09-03 01:20:35.312 +03:00 [INF] Executing endpoint 'asp.netwebApiTask_8_24_2024_.Controllers._UsersController.GetUserByName (asp.netwebApiTask(8-24-2024))'
2024-09-03 01:20:35.313 +03:00 [INF] Route matched with {action = "GetUserByName", controller = "_Users"}. Executing controller action with signature Microsoft.AspNetCore.Mvc.IActionResult GetUserByName(System.String) on controller asp.netwebApiTask_8_24_2024_.Controllers._UsersController (asp.netwebApiTask(8-24-2024)).
2024-09-03 01:20:35.324 +03:00 [INF] Executed DbCommand (3ms) [Parameters=[@__name_0='?' (Size = 255)], CommandType='"Text"', CommandTimeout='30']
SELECT [u].[UserID], [u].[Email], [u].[Password], [u].[PasswordHash], [u].[PasswordSalt], [u].[Username]
FROM [Users] AS [u]
WHERE [u].[Username] = @__name_0
2024-09-03 01:20:35.333 +03:00 [INF] Executing OkObjectResult, writing value of type 'System.Collections.Generic.List`1[[asp.netwebApiTask_8_24_2024_.Models.User, asp.netwebApiTask(8-24-2024), Version=1.0.0.0, Culture=neutral, PublicKeyToken=null]]'.
2024-09-03 01:20:35.347 +03:00 [INF] Executed action asp.netwebApiTask_8_24_2024_.Controllers._UsersController.GetUserByName (asp.netwebApiTask(8-24-2024)) in 32.9969ms
2024-09-03 01:20:35.348 +03:00 [INF] Executed endpoint 'asp.netwebApiTask_8_24_2024_.Controllers._UsersController.GetUserByName (asp.netwebApiTask(8-24-2024))'
2024-09-03 01:20:35.348 +03:00 [INF] Request finished HTTP/2 GET https://localhost:7216/api/_Users/name/hr_manager@outlook.com - 200 null application/json; charset=utf-8 45.856ms
2024-09-03 01:20:48.132 +03:00 [INF] Request starting HTTP/2 GET https://localhost:7216/api/_Users/name/anas - null null
2024-09-03 01:20:48.135 +03:00 [INF] CORS policy execution successful.
2024-09-03 01:20:48.136 +03:00 [INF] Executing endpoint 'asp.netwebApiTask_8_24_2024_.Controllers._UsersController.GetUserByName (asp.netwebApiTask(8-24-2024))'
2024-09-03 01:20:48.136 +03:00 [INF] Route matched with {action = "GetUserByName", controller = "_Users"}. Executing controller action with signature Microsoft.AspNetCore.Mvc.IActionResult GetUserByName(System.String) on controller asp.netwebApiTask_8_24_2024_.Controllers._UsersController (asp.netwebApiTask(8-24-2024)).
2024-09-03 01:20:48.140 +03:00 [INF] Executed DbCommand (0ms) [Parameters=[@__name_0='?' (Size = 255)], CommandType='"Text"', CommandTimeout='30']
SELECT [u].[UserID], [u].[Email], [u].[Password], [u].[PasswordHash], [u].[PasswordSalt], [u].[Username]
FROM [Users] AS [u]
WHERE [u].[Username] = @__name_0
2024-09-03 01:20:48.142 +03:00 [INF] Executing OkObjectResult, writing value of type 'System.Collections.Generic.List`1[[asp.netwebApiTask_8_24_2024_.Models.User, asp.netwebApiTask(8-24-2024), Version=1.0.0.0, Culture=neutral, PublicKeyToken=null]]'.
2024-09-03 01:20:48.143 +03:00 [INF] Executed action asp.netwebApiTask_8_24_2024_.Controllers._UsersController.GetUserByName (asp.netwebApiTask(8-24-2024)) in 5.5111ms
2024-09-03 01:20:48.144 +03:00 [INF] Executed endpoint 'asp.netwebApiTask_8_24_2024_.Controllers._UsersController.GetUserByName (asp.netwebApiTask(8-24-2024))'
2024-09-03 01:20:48.145 +03:00 [INF] Request finished HTTP/2 GET https://localhost:7216/api/_Users/name/anas - 200 null application/json; charset=utf-8 13.4747ms
