2024-09-03 00:49:54.689 +03:00 [INF] Executed action asp.netwebApiTask_8_24_2024_.Controllers._UsersController.addUser (asp.netwebApiTask(8-24-2024)) in 74289.6358ms
2024-09-03 00:49:54.694 +03:00 [INF] Executed endpoint 'asp.netwebApiTask_8_24_2024_.Controllers._UsersController.addUser (asp.netwebApiTask(8-24-2024))'
2024-09-03 00:49:54.696 +03:00 [ERR] An unhandled exception has occurred while executing the request.
System.ArgumentNullException: Value cannot be null. (Parameter 's')
   at System.ArgumentNullException.Throw(String paramName)
   at System.Text.Encoding.GetBytes(String s)
   at asp.netwebApiTask_8_24_2024_.DTOs.HashingAlgoratim.CreatePasswordHash(String password, Byte[]& passwordHash, Byte[]& passwordSalt) in C:\Users\Orange\Desktop\asp.netwebApiTask(8-24-2024)\asp.netwebApiTask(8-24-2024)\DTOs\HashingAlgoratim.cs:line 10
   at asp.netwebApiTask_8_24_2024_.Controllers._UsersController.addUser(UserReqestDTO userDto) in C:\Users\Orange\Desktop\asp.netwebApiTask(8-24-2024)\asp.netwebApiTask(8-24-2024)\Controllers\(UsersController.cs:line 99
   at lambda_method3(Closure, Object, Object[])
   at Microsoft.AspNetCore.Mvc.Infrastructure.ActionMethodExecutor.SyncActionResultExecutor.Execute(ActionContext actionContext, IActionResultTypeMapper mapper, ObjectMethodExecutor executor, Object controller, Object[] arguments)
   at Microsoft.AspNetCore.Mvc.Infrastructure.ControllerActionInvoker.InvokeActionMethodAsync()
   at Microsoft.AspNetCore.Mvc.Infrastructure.ControllerActionInvoker.Next(State& next, Scope& scope, Object& state, Boolean& isCompleted)
   at Microsoft.AspNetCore.Mvc.Infrastructure.ControllerActionInvoker.InvokeNextActionFilterAsync()
--- End of stack trace from previous location ---
   at Microsoft.AspNetCore.Mvc.Infrastructure.ControllerActionInvoker.Rethrow(ActionExecutedContextSealed context)
   at Microsoft.AspNetCore.Mvc.Infrastructure.ControllerActionInvoker.Next(State& next, Scope& scope, Object& state, Boolean& isCompleted)
   at Microsoft.AspNetCore.Mvc.Infrastructure.ControllerActionInvoker.InvokeInnerFilterAsync()
--- End of stack trace from previous location ---
   at Microsoft.AspNetCore.Mvc.Infrastructure.ResourceInvoker.<InvokeFilterPipelineAsync>g__Awaited|20_0(ResourceInvoker invoker, Task lastTask, State next, Scope scope, Object state, Boolean isCompleted)
   at Microsoft.AspNetCore.Mvc.Infrastructure.ResourceInvoker.<InvokeAsync>g__Logged|17_1(ResourceInvoker invoker)
   at Microsoft.AspNetCore.Mvc.Infrastructure.ResourceInvoker.<InvokeAsync>g__Logged|17_1(ResourceInvoker invoker)
   at Microsoft.AspNetCore.Routing.EndpointMiddleware.<Invoke>g__AwaitRequestTask|7_0(Endpoint endpoint, Task requestTask, ILogger logger)
   at Microsoft.AspNetCore.Authorization.AuthorizationMiddleware.Invoke(HttpContext context)
   at Swashbuckle.AspNetCore.SwaggerUI.SwaggerUIMiddleware.Invoke(HttpContext httpContext)
   at Swashbuckle.AspNetCore.Swagger.SwaggerMiddleware.Invoke(HttpContext httpContext, ISwaggerProvider swaggerProvider)
   at Microsoft.AspNetCore.Diagnostics.DeveloperExceptionPageMiddlewareImpl.Invoke(HttpContext context)
2024-09-03 00:49:54.736 +03:00 [INF] Request finished HTTP/2 POST https://localhost:7216/api/_Users/addnewuser - 500 null text/plain; charset=utf-8 74384.4372ms
