2024-08-31 19:36:50.858 +03:00 [INF] Request starting HTTP/2 GET https://localhost:7216/api/CartItem/getCartByID/1 - null null
2024-08-31 19:36:50.862 +03:00 [INF] CORS policy execution successful.
2024-08-31 19:36:50.866 +03:00 [INF] Executing endpoint 'asp.netwebApiTask_8_24_2024_.Controllers.CartItemController.GetCartByID (asp.netwebApiTask(8-24-2024))'
2024-08-31 19:36:50.867 +03:00 [INF] Route matched with {action = "GetCartByID", controller = "CartItem"}. Executing controller action with signature Microsoft.AspNetCore.Mvc.IActionResult GetCartByID(Int32) on controller asp.netwebApiTask_8_24_2024_.Controllers.CartItemController (asp.netwebApiTask(8-24-2024)).
2024-08-31 19:36:50.872 +03:00 [INF] Executed DbCommand (1ms) [Parameters=[@__id_0='?' (DbType = Int32)], CommandType='"Text"', CommandTimeout='30']
SELECT [t].[CartID], [t0].[CartItemId], [t0].[CartId], [t0].[Quantity], [t0].[ProductId], [t0].[Price], [t0].[ProductName]
FROM (
    SELECT TOP(1) [c].[CartID]
    FROM [Carts] AS [c]
    WHERE [c].[UserID] = @__id_0
) AS [t]
OUTER APPLY (
    SELECT [c0].[CartItemID] AS [CartItemId], [t].[CartID] AS [CartId], [c0].[Quantity], [p].[ProductID] AS [ProductId], [p].[Price], [p].[ProductName]
    FROM [CartItems] AS [c0]
    LEFT JOIN [Product] AS [p] ON [c0].[ProductID] = [p].[ProductID]
    WHERE [t].[CartID] = [c0].[CartID]
) AS [t0]
ORDER BY [t].[CartID], [t0].[CartItemId]
2024-08-31 19:36:50.873 +03:00 [INF] Executing OkObjectResult, writing value of type 'System.Collections.Generic.List`1[[asp.netwebApiTask_8_24_2024_.DTOs.CartItemRequestDTO, asp.netwebApiTask(8-24-2024), Version=1.0.0.0, Culture=neutral, PublicKeyToken=null]]'.
2024-08-31 19:36:50.874 +03:00 [INF] Executed action asp.netwebApiTask_8_24_2024_.Controllers.CartItemController.GetCartByID (asp.netwebApiTask(8-24-2024)) in 5.2648ms
2024-08-31 19:36:50.875 +03:00 [INF] Executed endpoint 'asp.netwebApiTask_8_24_2024_.Controllers.CartItemController.GetCartByID (asp.netwebApiTask(8-24-2024))'
2024-08-31 19:36:50.876 +03:00 [INF] Request finished HTTP/2 GET https://localhost:7216/api/CartItem/getCartByID/1 - 200 null application/json; charset=utf-8 17.5969ms
2024-08-31 19:36:50.876 +03:00 [INF] Request starting HTTP/2 GET https://localhost:7216/api/CartItem/getCartByID/1 - null null
2024-08-31 19:36:50.878 +03:00 [INF] CORS policy execution successful.
2024-08-31 19:36:50.879 +03:00 [INF] Executing endpoint 'asp.netwebApiTask_8_24_2024_.Controllers.CartItemController.GetCartByID (asp.netwebApiTask(8-24-2024))'
2024-08-31 19:36:50.879 +03:00 [INF] Route matched with {action = "GetCartByID", controller = "CartItem"}. Executing controller action with signature Microsoft.AspNetCore.Mvc.IActionResult GetCartByID(Int32) on controller asp.netwebApiTask_8_24_2024_.Controllers.CartItemController (asp.netwebApiTask(8-24-2024)).
2024-08-31 19:36:50.882 +03:00 [INF] Executed DbCommand (1ms) [Parameters=[@__id_0='?' (DbType = Int32)], CommandType='"Text"', CommandTimeout='30']
SELECT [t].[CartID], [t0].[CartItemId], [t0].[CartId], [t0].[Quantity], [t0].[ProductId], [t0].[Price], [t0].[ProductName]
FROM (
    SELECT TOP(1) [c].[CartID]
    FROM [Carts] AS [c]
    WHERE [c].[UserID] = @__id_0
) AS [t]
OUTER APPLY (
    SELECT [c0].[CartItemID] AS [CartItemId], [t].[CartID] AS [CartId], [c0].[Quantity], [p].[ProductID] AS [ProductId], [p].[Price], [p].[ProductName]
    FROM [CartItems] AS [c0]
    LEFT JOIN [Product] AS [p] ON [c0].[ProductID] = [p].[ProductID]
    WHERE [t].[CartID] = [c0].[CartID]
) AS [t0]
ORDER BY [t].[CartID], [t0].[CartItemId]
2024-08-31 19:36:50.883 +03:00 [INF] Executing OkObjectResult, writing value of type 'System.Collections.Generic.List`1[[asp.netwebApiTask_8_24_2024_.DTOs.CartItemRequestDTO, asp.netwebApiTask(8-24-2024), Version=1.0.0.0, Culture=neutral, PublicKeyToken=null]]'.
2024-08-31 19:36:50.884 +03:00 [INF] Executed action asp.netwebApiTask_8_24_2024_.Controllers.CartItemController.GetCartByID (asp.netwebApiTask(8-24-2024)) in 3.9148ms
2024-08-31 19:36:50.885 +03:00 [INF] Executed endpoint 'asp.netwebApiTask_8_24_2024_.Controllers.CartItemController.GetCartByID (asp.netwebApiTask(8-24-2024))'
2024-08-31 19:36:50.885 +03:00 [INF] Request starting HTTP/2 GET https://localhost:7216/api/CartItem/getCartByID/1 - null null
2024-08-31 19:36:50.887 +03:00 [INF] Request finished HTTP/2 GET https://localhost:7216/api/CartItem/getCartByID/1 - 200 null application/json; charset=utf-8 10.549ms
2024-08-31 19:36:50.888 +03:00 [INF] CORS policy execution successful.
2024-08-31 19:36:50.890 +03:00 [INF] Executing endpoint 'asp.netwebApiTask_8_24_2024_.Controllers.CartItemController.GetCartByID (asp.netwebApiTask(8-24-2024))'
2024-08-31 19:36:50.890 +03:00 [INF] Route matched with {action = "GetCartByID", controller = "CartItem"}. Executing controller action with signature Microsoft.AspNetCore.Mvc.IActionResult GetCartByID(Int32) on controller asp.netwebApiTask_8_24_2024_.Controllers.CartItemController (asp.netwebApiTask(8-24-2024)).
2024-08-31 19:36:50.893 +03:00 [INF] Executed DbCommand (1ms) [Parameters=[@__id_0='?' (DbType = Int32)], CommandType='"Text"', CommandTimeout='30']
SELECT [t].[CartID], [t0].[CartItemId], [t0].[CartId], [t0].[Quantity], [t0].[ProductId], [t0].[Price], [t0].[ProductName]
FROM (
    SELECT TOP(1) [c].[CartID]
    FROM [Carts] AS [c]
    WHERE [c].[UserID] = @__id_0
) AS [t]
OUTER APPLY (
    SELECT [c0].[CartItemID] AS [CartItemId], [t].[CartID] AS [CartId], [c0].[Quantity], [p].[ProductID] AS [ProductId], [p].[Price], [p].[ProductName]
    FROM [CartItems] AS [c0]
    LEFT JOIN [Product] AS [p] ON [c0].[ProductID] = [p].[ProductID]
    WHERE [t].[CartID] = [c0].[CartID]
) AS [t0]
ORDER BY [t].[CartID], [t0].[CartItemId]
2024-08-31 19:36:50.894 +03:00 [INF] Executing OkObjectResult, writing value of type 'System.Collections.Generic.List`1[[asp.netwebApiTask_8_24_2024_.DTOs.CartItemRequestDTO, asp.netwebApiTask(8-24-2024), Version=1.0.0.0, Culture=neutral, PublicKeyToken=null]]'.
2024-08-31 19:36:50.895 +03:00 [INF] Executed action asp.netwebApiTask_8_24_2024_.Controllers.CartItemController.GetCartByID (asp.netwebApiTask(8-24-2024)) in 3.5802ms
2024-08-31 19:36:50.895 +03:00 [INF] Executed endpoint 'asp.netwebApiTask_8_24_2024_.Controllers.CartItemController.GetCartByID (asp.netwebApiTask(8-24-2024))'
2024-08-31 19:36:50.896 +03:00 [INF] Request starting HTTP/2 GET https://localhost:7216/api/CartItem/getCartByID/1 - null null
2024-08-31 19:36:50.896 +03:00 [INF] Request finished HTTP/2 GET https://localhost:7216/api/CartItem/getCartByID/1 - 200 null application/json; charset=utf-8 11.1995ms
2024-08-31 19:36:50.897 +03:00 [INF] CORS policy execution successful.
2024-08-31 19:36:50.899 +03:00 [INF] Executing endpoint 'asp.netwebApiTask_8_24_2024_.Controllers.CartItemController.GetCartByID (asp.netwebApiTask(8-24-2024))'
2024-08-31 19:36:50.900 +03:00 [INF] Route matched with {action = "GetCartByID", controller = "CartItem"}. Executing controller action with signature Microsoft.AspNetCore.Mvc.IActionResult GetCartByID(Int32) on controller asp.netwebApiTask_8_24_2024_.Controllers.CartItemController (asp.netwebApiTask(8-24-2024)).
2024-08-31 19:36:50.902 +03:00 [INF] Executed DbCommand (1ms) [Parameters=[@__id_0='?' (DbType = Int32)], CommandType='"Text"', CommandTimeout='30']
SELECT [t].[CartID], [t0].[CartItemId], [t0].[CartId], [t0].[Quantity], [t0].[ProductId], [t0].[Price], [t0].[ProductName]
FROM (
    SELECT TOP(1) [c].[CartID]
    FROM [Carts] AS [c]
    WHERE [c].[UserID] = @__id_0
) AS [t]
OUTER APPLY (
    SELECT [c0].[CartItemID] AS [CartItemId], [t].[CartID] AS [CartId], [c0].[Quantity], [p].[ProductID] AS [ProductId], [p].[Price], [p].[ProductName]
    FROM [CartItems] AS [c0]
    LEFT JOIN [Product] AS [p] ON [c0].[ProductID] = [p].[ProductID]
    WHERE [t].[CartID] = [c0].[CartID]
) AS [t0]
ORDER BY [t].[CartID], [t0].[CartItemId]
2024-08-31 19:36:50.904 +03:00 [INF] Executing OkObjectResult, writing value of type 'System.Collections.Generic.List`1[[asp.netwebApiTask_8_24_2024_.DTOs.CartItemRequestDTO, asp.netwebApiTask(8-24-2024), Version=1.0.0.0, Culture=neutral, PublicKeyToken=null]]'.
2024-08-31 19:36:50.904 +03:00 [INF] Executed action asp.netwebApiTask_8_24_2024_.Controllers.CartItemController.GetCartByID (asp.netwebApiTask(8-24-2024)) in 3.6727ms
2024-08-31 19:36:50.905 +03:00 [INF] Executed endpoint 'asp.netwebApiTask_8_24_2024_.Controllers.CartItemController.GetCartByID (asp.netwebApiTask(8-24-2024))'
2024-08-31 19:36:50.906 +03:00 [INF] Request finished HTTP/2 GET https://localhost:7216/api/CartItem/getCartByID/1 - 200 null application/json; charset=utf-8 9.6483ms
2024-08-31 19:36:50.906 +03:00 [INF] Request starting HTTP/2 GET https://localhost:7216/api/CartItem/getCartByID/1 - null null
2024-08-31 19:36:50.909 +03:00 [INF] CORS policy execution successful.
2024-08-31 19:36:50.910 +03:00 [INF] Executing endpoint 'asp.netwebApiTask_8_24_2024_.Controllers.CartItemController.GetCartByID (asp.netwebApiTask(8-24-2024))'
2024-08-31 19:36:50.911 +03:00 [INF] Route matched with {action = "GetCartByID", controller = "CartItem"}. Executing controller action with signature Microsoft.AspNetCore.Mvc.IActionResult GetCartByID(Int32) on controller asp.netwebApiTask_8_24_2024_.Controllers.CartItemController (asp.netwebApiTask(8-24-2024)).
2024-08-31 19:36:50.913 +03:00 [INF] Executed DbCommand (1ms) [Parameters=[@__id_0='?' (DbType = Int32)], CommandType='"Text"', CommandTimeout='30']
SELECT [t].[CartID], [t0].[CartItemId], [t0].[CartId], [t0].[Quantity], [t0].[ProductId], [t0].[Price], [t0].[ProductName]
FROM (
    SELECT TOP(1) [c].[CartID]
    FROM [Carts] AS [c]
    WHERE [c].[UserID] = @__id_0
) AS [t]
OUTER APPLY (
    SELECT [c0].[CartItemID] AS [CartItemId], [t].[CartID] AS [CartId], [c0].[Quantity], [p].[ProductID] AS [ProductId], [p].[Price], [p].[ProductName]
    FROM [CartItems] AS [c0]
    LEFT JOIN [Product] AS [p] ON [c0].[ProductID] = [p].[ProductID]
    WHERE [t].[CartID] = [c0].[CartID]
) AS [t0]
ORDER BY [t].[CartID], [t0].[CartItemId]
2024-08-31 19:36:50.915 +03:00 [INF] Executing OkObjectResult, writing value of type 'System.Collections.Generic.List`1[[asp.netwebApiTask_8_24_2024_.DTOs.CartItemRequestDTO, asp.netwebApiTask(8-24-2024), Version=1.0.0.0, Culture=neutral, PublicKeyToken=null]]'.
2024-08-31 19:36:50.916 +03:00 [INF] Executed action asp.netwebApiTask_8_24_2024_.Controllers.CartItemController.GetCartByID (asp.netwebApiTask(8-24-2024)) in 4.0258ms
2024-08-31 19:36:50.917 +03:00 [INF] Executed endpoint 'asp.netwebApiTask_8_24_2024_.Controllers.CartItemController.GetCartByID (asp.netwebApiTask(8-24-2024))'
2024-08-31 19:36:50.917 +03:00 [INF] Request starting HTTP/2 GET https://localhost:7216/api/CartItem/getCartByID/1 - null null
2024-08-31 19:36:50.918 +03:00 [INF] Request finished HTTP/2 GET https://localhost:7216/api/CartItem/getCartByID/1 - 200 null application/json; charset=utf-8 12.3172ms
2024-08-31 19:36:50.920 +03:00 [INF] CORS policy execution successful.
2024-08-31 19:36:50.922 +03:00 [INF] Executing endpoint 'asp.netwebApiTask_8_24_2024_.Controllers.CartItemController.GetCartByID (asp.netwebApiTask(8-24-2024))'
2024-08-31 19:36:50.922 +03:00 [INF] Route matched with {action = "GetCartByID", controller = "CartItem"}. Executing controller action with signature Microsoft.AspNetCore.Mvc.IActionResult GetCartByID(Int32) on controller asp.netwebApiTask_8_24_2024_.Controllers.CartItemController (asp.netwebApiTask(8-24-2024)).
2024-08-31 19:36:50.924 +03:00 [INF] Executed DbCommand (0ms) [Parameters=[@__id_0='?' (DbType = Int32)], CommandType='"Text"', CommandTimeout='30']
SELECT [t].[CartID], [t0].[CartItemId], [t0].[CartId], [t0].[Quantity], [t0].[ProductId], [t0].[Price], [t0].[ProductName]
FROM (
    SELECT TOP(1) [c].[CartID]
    FROM [Carts] AS [c]
    WHERE [c].[UserID] = @__id_0
) AS [t]
OUTER APPLY (
    SELECT [c0].[CartItemID] AS [CartItemId], [t].[CartID] AS [CartId], [c0].[Quantity], [p].[ProductID] AS [ProductId], [p].[Price], [p].[ProductName]
    FROM [CartItems] AS [c0]
    LEFT JOIN [Product] AS [p] ON [c0].[ProductID] = [p].[ProductID]
    WHERE [t].[CartID] = [c0].[CartID]
) AS [t0]
ORDER BY [t].[CartID], [t0].[CartItemId]
2024-08-31 19:36:50.925 +03:00 [INF] Executing OkObjectResult, writing value of type 'System.Collections.Generic.List`1[[asp.netwebApiTask_8_24_2024_.DTOs.CartItemRequestDTO, asp.netwebApiTask(8-24-2024), Version=1.0.0.0, Culture=neutral, PublicKeyToken=null]]'.
2024-08-31 19:36:50.925 +03:00 [INF] Executed action asp.netwebApiTask_8_24_2024_.Controllers.CartItemController.GetCartByID (asp.netwebApiTask(8-24-2024)) in 2.7435ms
2024-08-31 19:36:50.926 +03:00 [INF] Executed endpoint 'asp.netwebApiTask_8_24_2024_.Controllers.CartItemController.GetCartByID (asp.netwebApiTask(8-24-2024))'
2024-08-31 19:36:50.927 +03:00 [INF] Request starting HTTP/2 GET https://localhost:7216/api/CartItem/getCartByID/1 - null null
2024-08-31 19:36:50.927 +03:00 [INF] Request finished HTTP/2 GET https://localhost:7216/api/CartItem/getCartByID/1 - 200 null application/json; charset=utf-8 10.2375ms
2024-08-31 19:36:50.929 +03:00 [INF] CORS policy execution successful.
2024-08-31 19:36:50.931 +03:00 [INF] Executing endpoint 'asp.netwebApiTask_8_24_2024_.Controllers.CartItemController.GetCartByID (asp.netwebApiTask(8-24-2024))'
2024-08-31 19:36:50.932 +03:00 [INF] Route matched with {action = "GetCartByID", controller = "CartItem"}. Executing controller action with signature Microsoft.AspNetCore.Mvc.IActionResult GetCartByID(Int32) on controller asp.netwebApiTask_8_24_2024_.Controllers.CartItemController (asp.netwebApiTask(8-24-2024)).
2024-08-31 19:36:50.934 +03:00 [INF] Executed DbCommand (1ms) [Parameters=[@__id_0='?' (DbType = Int32)], CommandType='"Text"', CommandTimeout='30']
SELECT [t].[CartID], [t0].[CartItemId], [t0].[CartId], [t0].[Quantity], [t0].[ProductId], [t0].[Price], [t0].[ProductName]
FROM (
    SELECT TOP(1) [c].[CartID]
    FROM [Carts] AS [c]
    WHERE [c].[UserID] = @__id_0
) AS [t]
OUTER APPLY (
    SELECT [c0].[CartItemID] AS [CartItemId], [t].[CartID] AS [CartId], [c0].[Quantity], [p].[ProductID] AS [ProductId], [p].[Price], [p].[ProductName]
    FROM [CartItems] AS [c0]
    LEFT JOIN [Product] AS [p] ON [c0].[ProductID] = [p].[ProductID]
    WHERE [t].[CartID] = [c0].[CartID]
) AS [t0]
ORDER BY [t].[CartID], [t0].[CartItemId]
2024-08-31 19:36:50.936 +03:00 [INF] Executing OkObjectResult, writing value of type 'System.Collections.Generic.List`1[[asp.netwebApiTask_8_24_2024_.DTOs.CartItemRequestDTO, asp.netwebApiTask(8-24-2024), Version=1.0.0.0, Culture=neutral, PublicKeyToken=null]]'.
2024-08-31 19:36:50.937 +03:00 [INF] Executed action asp.netwebApiTask_8_24_2024_.Controllers.CartItemController.GetCartByID (asp.netwebApiTask(8-24-2024)) in 3.7991ms
2024-08-31 19:36:50.938 +03:00 [INF] Executed endpoint 'asp.netwebApiTask_8_24_2024_.Controllers.CartItemController.GetCartByID (asp.netwebApiTask(8-24-2024))'
2024-08-31 19:36:50.938 +03:00 [INF] Request finished HTTP/2 GET https://localhost:7216/api/CartItem/getCartByID/1 - 200 null application/json; charset=utf-8 11.5976ms
