2024-08-31 19:29:00.369 +03:00 [INF] Request starting HTTP/2 GET https://localhost:7216/api/CartItem/getCartByID/1 - null null
2024-08-31 19:29:00.373 +03:00 [INF] CORS policy execution successful.
2024-08-31 19:29:00.375 +03:00 [INF] Executing endpoint 'asp.netwebApiTask_8_24_2024_.Controllers.CartItemController.GetCartByID (asp.netwebApiTask(8-24-2024))'
2024-08-31 19:29:00.376 +03:00 [INF] Route matched with {action = "GetCartByID", controller = "CartItem"}. Executing controller action with signature Microsoft.AspNetCore.Mvc.IActionResult GetCartByID(Int32) on controller asp.netwebApiTask_8_24_2024_.Controllers.CartItemController (asp.netwebApiTask(8-24-2024)).
2024-08-31 19:29:00.379 +03:00 [INF] Executed DbCommand (1ms) [Parameters=[@__id_0='?' (DbType = Int32)], CommandType='"Text"', CommandTimeout='30']
SELECT [t].[CartID], [t0].[CartItemId], [t0].[CartId], [t0].[Quantity], [t0].[ProductId], [t0].[Price], [t0].[ProductName]
FROM (
    SELECT TOP(1) [c].[CartID]
    FROM [Carts] AS [c]
    WHERE [c].[UserID] = @__id_0
) AS [t]
OUTER APPLY (
    SELECT [c0].[CartItemID] AS [CartItemId], [t].[CartID] AS [CartId], [c0].[Quantity], [p].[ProductID] AS [ProductId], [p].[Price], [p].[ProductName]
    FROM [CartItems] AS [c0]
    LEFT JOIN [Product] AS [p] ON [c0].[ProductID] = [p].[ProductID]
    WHERE [t].[CartID] = [c0].[CartID]
) AS [t0]
ORDER BY [t].[CartID], [t0].[CartItemId]
2024-08-31 19:29:00.381 +03:00 [INF] Executing OkObjectResult, writing value of type 'System.Collections.Generic.List`1[[asp.netwebApiTask_8_24_2024_.DTOs.CartItemRequestDTO, asp.netwebApiTask(8-24-2024), Version=1.0.0.0, Culture=neutral, PublicKeyToken=null]]'.
2024-08-31 19:29:00.382 +03:00 [INF] Executed action asp.netwebApiTask_8_24_2024_.Controllers.CartItemController.GetCartByID (asp.netwebApiTask(8-24-2024)) in 5.1331ms
2024-08-31 19:29:00.383 +03:00 [INF] Executed endpoint 'asp.netwebApiTask_8_24_2024_.Controllers.CartItemController.GetCartByID (asp.netwebApiTask(8-24-2024))'
2024-08-31 19:29:00.384 +03:00 [INF] Request starting HTTP/2 GET https://localhost:7216/api/CartItem/getCartByID/1 - null null
2024-08-31 19:29:00.385 +03:00 [INF] Request finished HTTP/2 GET https://localhost:7216/api/CartItem/getCartByID/1 - 200 null application/json; charset=utf-8 15.9778ms
2024-08-31 19:29:00.386 +03:00 [INF] CORS policy execution successful.
2024-08-31 19:29:00.389 +03:00 [INF] Executing endpoint 'asp.netwebApiTask_8_24_2024_.Controllers.CartItemController.GetCartByID (asp.netwebApiTask(8-24-2024))'
2024-08-31 19:29:00.389 +03:00 [INF] Route matched with {action = "GetCartByID", controller = "CartItem"}. Executing controller action with signature Microsoft.AspNetCore.Mvc.IActionResult GetCartByID(Int32) on controller asp.netwebApiTask_8_24_2024_.Controllers.CartItemController (asp.netwebApiTask(8-24-2024)).
2024-08-31 19:29:00.392 +03:00 [INF] Executed DbCommand (1ms) [Parameters=[@__id_0='?' (DbType = Int32)], CommandType='"Text"', CommandTimeout='30']
SELECT [t].[CartID], [t0].[CartItemId], [t0].[CartId], [t0].[Quantity], [t0].[ProductId], [t0].[Price], [t0].[ProductName]
FROM (
    SELECT TOP(1) [c].[CartID]
    FROM [Carts] AS [c]
    WHERE [c].[UserID] = @__id_0
) AS [t]
OUTER APPLY (
    SELECT [c0].[CartItemID] AS [CartItemId], [t].[CartID] AS [CartId], [c0].[Quantity], [p].[ProductID] AS [ProductId], [p].[Price], [p].[ProductName]
    FROM [CartItems] AS [c0]
    LEFT JOIN [Product] AS [p] ON [c0].[ProductID] = [p].[ProductID]
    WHERE [t].[CartID] = [c0].[CartID]
) AS [t0]
ORDER BY [t].[CartID], [t0].[CartItemId]
2024-08-31 19:29:00.394 +03:00 [INF] Executing OkObjectResult, writing value of type 'System.Collections.Generic.List`1[[asp.netwebApiTask_8_24_2024_.DTOs.CartItemRequestDTO, asp.netwebApiTask(8-24-2024), Version=1.0.0.0, Culture=neutral, PublicKeyToken=null]]'.
2024-08-31 19:29:00.394 +03:00 [INF] Executed action asp.netwebApiTask_8_24_2024_.Controllers.CartItemController.GetCartByID (asp.netwebApiTask(8-24-2024)) in 3.7276ms
2024-08-31 19:29:00.395 +03:00 [INF] Executed endpoint 'asp.netwebApiTask_8_24_2024_.Controllers.CartItemController.GetCartByID (asp.netwebApiTask(8-24-2024))'
2024-08-31 19:29:00.395 +03:00 [INF] Request finished HTTP/2 GET https://localhost:7216/api/CartItem/getCartByID/1 - 200 null application/json; charset=utf-8 11.5487ms
2024-08-31 19:29:00.397 +03:00 [INF] Request starting HTTP/2 GET https://localhost:7216/api/CartItem/getCartByID/1 - null null
2024-08-31 19:29:00.399 +03:00 [INF] CORS policy execution successful.
2024-08-31 19:29:00.399 +03:00 [INF] Executing endpoint 'asp.netwebApiTask_8_24_2024_.Controllers.CartItemController.GetCartByID (asp.netwebApiTask(8-24-2024))'
2024-08-31 19:29:00.400 +03:00 [INF] Route matched with {action = "GetCartByID", controller = "CartItem"}. Executing controller action with signature Microsoft.AspNetCore.Mvc.IActionResult GetCartByID(Int32) on controller asp.netwebApiTask_8_24_2024_.Controllers.CartItemController (asp.netwebApiTask(8-24-2024)).
2024-08-31 19:29:00.402 +03:00 [INF] Executed DbCommand (1ms) [Parameters=[@__id_0='?' (DbType = Int32)], CommandType='"Text"', CommandTimeout='30']
SELECT [t].[CartID], [t0].[CartItemId], [t0].[CartId], [t0].[Quantity], [t0].[ProductId], [t0].[Price], [t0].[ProductName]
FROM (
    SELECT TOP(1) [c].[CartID]
    FROM [Carts] AS [c]
    WHERE [c].[UserID] = @__id_0
) AS [t]
OUTER APPLY (
    SELECT [c0].[CartItemID] AS [CartItemId], [t].[CartID] AS [CartId], [c0].[Quantity], [p].[ProductID] AS [ProductId], [p].[Price], [p].[ProductName]
    FROM [CartItems] AS [c0]
    LEFT JOIN [Product] AS [p] ON [c0].[ProductID] = [p].[ProductID]
    WHERE [t].[CartID] = [c0].[CartID]
) AS [t0]
ORDER BY [t].[CartID], [t0].[CartItemId]
2024-08-31 19:29:00.403 +03:00 [INF] Executing OkObjectResult, writing value of type 'System.Collections.Generic.List`1[[asp.netwebApiTask_8_24_2024_.DTOs.CartItemRequestDTO, asp.netwebApiTask(8-24-2024), Version=1.0.0.0, Culture=neutral, PublicKeyToken=null]]'.
2024-08-31 19:29:00.404 +03:00 [INF] Executed action asp.netwebApiTask_8_24_2024_.Controllers.CartItemController.GetCartByID (asp.netwebApiTask(8-24-2024)) in 3.6007ms
2024-08-31 19:29:00.405 +03:00 [INF] Executed endpoint 'asp.netwebApiTask_8_24_2024_.Controllers.CartItemController.GetCartByID (asp.netwebApiTask(8-24-2024))'
2024-08-31 19:29:00.405 +03:00 [INF] Request finished HTTP/2 GET https://localhost:7216/api/CartItem/getCartByID/1 - 200 null application/json; charset=utf-8 8.7901ms
2024-08-31 19:29:00.406 +03:00 [INF] Request starting HTTP/2 GET https://localhost:7216/api/CartItem/getCartByID/1 - null null
2024-08-31 19:29:00.408 +03:00 [INF] CORS policy execution successful.
2024-08-31 19:29:00.409 +03:00 [INF] Executing endpoint 'asp.netwebApiTask_8_24_2024_.Controllers.CartItemController.GetCartByID (asp.netwebApiTask(8-24-2024))'
2024-08-31 19:29:00.409 +03:00 [INF] Route matched with {action = "GetCartByID", controller = "CartItem"}. Executing controller action with signature Microsoft.AspNetCore.Mvc.IActionResult GetCartByID(Int32) on controller asp.netwebApiTask_8_24_2024_.Controllers.CartItemController (asp.netwebApiTask(8-24-2024)).
2024-08-31 19:29:00.412 +03:00 [INF] Executed DbCommand (1ms) [Parameters=[@__id_0='?' (DbType = Int32)], CommandType='"Text"', CommandTimeout='30']
SELECT [t].[CartID], [t0].[CartItemId], [t0].[CartId], [t0].[Quantity], [t0].[ProductId], [t0].[Price], [t0].[ProductName]
FROM (
    SELECT TOP(1) [c].[CartID]
    FROM [Carts] AS [c]
    WHERE [c].[UserID] = @__id_0
) AS [t]
OUTER APPLY (
    SELECT [c0].[CartItemID] AS [CartItemId], [t].[CartID] AS [CartId], [c0].[Quantity], [p].[ProductID] AS [ProductId], [p].[Price], [p].[ProductName]
    FROM [CartItems] AS [c0]
    LEFT JOIN [Product] AS [p] ON [c0].[ProductID] = [p].[ProductID]
    WHERE [t].[CartID] = [c0].[CartID]
) AS [t0]
ORDER BY [t].[CartID], [t0].[CartItemId]
2024-08-31 19:29:00.414 +03:00 [INF] Executing OkObjectResult, writing value of type 'System.Collections.Generic.List`1[[asp.netwebApiTask_8_24_2024_.DTOs.CartItemRequestDTO, asp.netwebApiTask(8-24-2024), Version=1.0.0.0, Culture=neutral, PublicKeyToken=null]]'.
2024-08-31 19:29:00.415 +03:00 [INF] Executed action asp.netwebApiTask_8_24_2024_.Controllers.CartItemController.GetCartByID (asp.netwebApiTask(8-24-2024)) in 4.3234ms
2024-08-31 19:29:00.416 +03:00 [INF] Executed endpoint 'asp.netwebApiTask_8_24_2024_.Controllers.CartItemController.GetCartByID (asp.netwebApiTask(8-24-2024))'
2024-08-31 19:29:00.416 +03:00 [INF] Request starting HTTP/2 GET https://localhost:7216/api/CartItem/getCartByID/1 - null null
2024-08-31 19:29:00.416 +03:00 [INF] Request finished HTTP/2 GET https://localhost:7216/api/CartItem/getCartByID/1 - 200 null application/json; charset=utf-8 10.8208ms
2024-08-31 19:29:00.418 +03:00 [INF] CORS policy execution successful.
2024-08-31 19:29:00.419 +03:00 [INF] Executing endpoint 'asp.netwebApiTask_8_24_2024_.Controllers.CartItemController.GetCartByID (asp.netwebApiTask(8-24-2024))'
2024-08-31 19:29:00.420 +03:00 [INF] Route matched with {action = "GetCartByID", controller = "CartItem"}. Executing controller action with signature Microsoft.AspNetCore.Mvc.IActionResult GetCartByID(Int32) on controller asp.netwebApiTask_8_24_2024_.Controllers.CartItemController (asp.netwebApiTask(8-24-2024)).
2024-08-31 19:29:00.423 +03:00 [INF] Executed DbCommand (1ms) [Parameters=[@__id_0='?' (DbType = Int32)], CommandType='"Text"', CommandTimeout='30']
SELECT [t].[CartID], [t0].[CartItemId], [t0].[CartId], [t0].[Quantity], [t0].[ProductId], [t0].[Price], [t0].[ProductName]
FROM (
    SELECT TOP(1) [c].[CartID]
    FROM [Carts] AS [c]
    WHERE [c].[UserID] = @__id_0
) AS [t]
OUTER APPLY (
    SELECT [c0].[CartItemID] AS [CartItemId], [t].[CartID] AS [CartId], [c0].[Quantity], [p].[ProductID] AS [ProductId], [p].[Price], [p].[ProductName]
    FROM [CartItems] AS [c0]
    LEFT JOIN [Product] AS [p] ON [c0].[ProductID] = [p].[ProductID]
    WHERE [t].[CartID] = [c0].[CartID]
) AS [t0]
ORDER BY [t].[CartID], [t0].[CartItemId]
2024-08-31 19:29:00.424 +03:00 [INF] Executing OkObjectResult, writing value of type 'System.Collections.Generic.List`1[[asp.netwebApiTask_8_24_2024_.DTOs.CartItemRequestDTO, asp.netwebApiTask(8-24-2024), Version=1.0.0.0, Culture=neutral, PublicKeyToken=null]]'.
2024-08-31 19:29:00.425 +03:00 [INF] Executed action asp.netwebApiTask_8_24_2024_.Controllers.CartItemController.GetCartByID (asp.netwebApiTask(8-24-2024)) in 4.2209ms
2024-08-31 19:29:00.426 +03:00 [INF] Executed endpoint 'asp.netwebApiTask_8_24_2024_.Controllers.CartItemController.GetCartByID (asp.netwebApiTask(8-24-2024))'
2024-08-31 19:29:00.427 +03:00 [INF] Request starting HTTP/2 GET https://localhost:7216/api/CartItem/getCartByID/1 - null null
2024-08-31 19:29:00.427 +03:00 [INF] Request finished HTTP/2 GET https://localhost:7216/api/CartItem/getCartByID/1 - 200 null application/json; charset=utf-8 11.5393ms
2024-08-31 19:29:00.429 +03:00 [INF] CORS policy execution successful.
2024-08-31 19:29:00.431 +03:00 [INF] Executing endpoint 'asp.netwebApiTask_8_24_2024_.Controllers.CartItemController.GetCartByID (asp.netwebApiTask(8-24-2024))'
2024-08-31 19:29:00.431 +03:00 [INF] Route matched with {action = "GetCartByID", controller = "CartItem"}. Executing controller action with signature Microsoft.AspNetCore.Mvc.IActionResult GetCartByID(Int32) on controller asp.netwebApiTask_8_24_2024_.Controllers.CartItemController (asp.netwebApiTask(8-24-2024)).
2024-08-31 19:29:00.434 +03:00 [INF] Executed DbCommand (0ms) [Parameters=[@__id_0='?' (DbType = Int32)], CommandType='"Text"', CommandTimeout='30']
SELECT [t].[CartID], [t0].[CartItemId], [t0].[CartId], [t0].[Quantity], [t0].[ProductId], [t0].[Price], [t0].[ProductName]
FROM (
    SELECT TOP(1) [c].[CartID]
    FROM [Carts] AS [c]
    WHERE [c].[UserID] = @__id_0
) AS [t]
OUTER APPLY (
    SELECT [c0].[CartItemID] AS [CartItemId], [t].[CartID] AS [CartId], [c0].[Quantity], [p].[ProductID] AS [ProductId], [p].[Price], [p].[ProductName]
    FROM [CartItems] AS [c0]
    LEFT JOIN [Product] AS [p] ON [c0].[ProductID] = [p].[ProductID]
    WHERE [t].[CartID] = [c0].[CartID]
) AS [t0]
ORDER BY [t].[CartID], [t0].[CartItemId]
2024-08-31 19:29:00.435 +03:00 [INF] Executing OkObjectResult, writing value of type 'System.Collections.Generic.List`1[[asp.netwebApiTask_8_24_2024_.DTOs.CartItemRequestDTO, asp.netwebApiTask(8-24-2024), Version=1.0.0.0, Culture=neutral, PublicKeyToken=null]]'.
2024-08-31 19:29:00.436 +03:00 [INF] Executed action asp.netwebApiTask_8_24_2024_.Controllers.CartItemController.GetCartByID (asp.netwebApiTask(8-24-2024)) in 3.7275ms
2024-08-31 19:29:00.437 +03:00 [INF] Executed endpoint 'asp.netwebApiTask_8_24_2024_.Controllers.CartItemController.GetCartByID (asp.netwebApiTask(8-24-2024))'
2024-08-31 19:29:00.437 +03:00 [INF] Request starting HTTP/2 GET https://localhost:7216/api/CartItem/getCartByID/1 - null null
2024-08-31 19:29:00.438 +03:00 [INF] Request finished HTTP/2 GET https://localhost:7216/api/CartItem/getCartByID/1 - 200 null application/json; charset=utf-8 11.3819ms
2024-08-31 19:29:00.439 +03:00 [INF] CORS policy execution successful.
2024-08-31 19:29:00.442 +03:00 [INF] Executing endpoint 'asp.netwebApiTask_8_24_2024_.Controllers.CartItemController.GetCartByID (asp.netwebApiTask(8-24-2024))'
2024-08-31 19:29:00.442 +03:00 [INF] Route matched with {action = "GetCartByID", controller = "CartItem"}. Executing controller action with signature Microsoft.AspNetCore.Mvc.IActionResult GetCartByID(Int32) on controller asp.netwebApiTask_8_24_2024_.Controllers.CartItemController (asp.netwebApiTask(8-24-2024)).
2024-08-31 19:29:00.445 +03:00 [INF] Executed DbCommand (0ms) [Parameters=[@__id_0='?' (DbType = Int32)], CommandType='"Text"', CommandTimeout='30']
SELECT [t].[CartID], [t0].[CartItemId], [t0].[CartId], [t0].[Quantity], [t0].[ProductId], [t0].[Price], [t0].[ProductName]
FROM (
    SELECT TOP(1) [c].[CartID]
    FROM [Carts] AS [c]
    WHERE [c].[UserID] = @__id_0
) AS [t]
OUTER APPLY (
    SELECT [c0].[CartItemID] AS [CartItemId], [t].[CartID] AS [CartId], [c0].[Quantity], [p].[ProductID] AS [ProductId], [p].[Price], [p].[ProductName]
    FROM [CartItems] AS [c0]
    LEFT JOIN [Product] AS [p] ON [c0].[ProductID] = [p].[ProductID]
    WHERE [t].[CartID] = [c0].[CartID]
) AS [t0]
ORDER BY [t].[CartID], [t0].[CartItemId]
2024-08-31 19:29:00.447 +03:00 [INF] Executing OkObjectResult, writing value of type 'System.Collections.Generic.List`1[[asp.netwebApiTask_8_24_2024_.DTOs.CartItemRequestDTO, asp.netwebApiTask(8-24-2024), Version=1.0.0.0, Culture=neutral, PublicKeyToken=null]]'.
2024-08-31 19:29:00.447 +03:00 [INF] Executed action asp.netwebApiTask_8_24_2024_.Controllers.CartItemController.GetCartByID (asp.netwebApiTask(8-24-2024)) in 3.742ms
2024-08-31 19:29:00.449 +03:00 [INF] Executed endpoint 'asp.netwebApiTask_8_24_2024_.Controllers.CartItemController.GetCartByID (asp.netwebApiTask(8-24-2024))'
2024-08-31 19:29:00.449 +03:00 [INF] Request finished HTTP/2 GET https://localhost:7216/api/CartItem/getCartByID/1 - 200 null application/json; charset=utf-8 11.9269ms
2024-08-31 19:29:05.126 +03:00 [INF] Request starting HTTP/2 GET https://localhost:7216/api/CartItem/getCartByID/1 - null null
2024-08-31 19:29:05.128 +03:00 [INF] CORS policy execution successful.
2024-08-31 19:29:05.129 +03:00 [INF] Executing endpoint 'asp.netwebApiTask_8_24_2024_.Controllers.CartItemController.GetCartByID (asp.netwebApiTask(8-24-2024))'
2024-08-31 19:29:05.130 +03:00 [INF] Route matched with {action = "GetCartByID", controller = "CartItem"}. Executing controller action with signature Microsoft.AspNetCore.Mvc.IActionResult GetCartByID(Int32) on controller asp.netwebApiTask_8_24_2024_.Controllers.CartItemController (asp.netwebApiTask(8-24-2024)).
2024-08-31 19:29:05.133 +03:00 [INF] Executed DbCommand (1ms) [Parameters=[@__id_0='?' (DbType = Int32)], CommandType='"Text"', CommandTimeout='30']
SELECT [t].[CartID], [t0].[CartItemId], [t0].[CartId], [t0].[Quantity], [t0].[ProductId], [t0].[Price], [t0].[ProductName]
FROM (
    SELECT TOP(1) [c].[CartID]
    FROM [Carts] AS [c]
    WHERE [c].[UserID] = @__id_0
) AS [t]
OUTER APPLY (
    SELECT [c0].[CartItemID] AS [CartItemId], [t].[CartID] AS [CartId], [c0].[Quantity], [p].[ProductID] AS [ProductId], [p].[Price], [p].[ProductName]
    FROM [CartItems] AS [c0]
    LEFT JOIN [Product] AS [p] ON [c0].[ProductID] = [p].[ProductID]
    WHERE [t].[CartID] = [c0].[CartID]
) AS [t0]
ORDER BY [t].[CartID], [t0].[CartItemId]
2024-08-31 19:29:05.134 +03:00 [INF] Executing OkObjectResult, writing value of type 'System.Collections.Generic.List`1[[asp.netwebApiTask_8_24_2024_.DTOs.CartItemRequestDTO, asp.netwebApiTask(8-24-2024), Version=1.0.0.0, Culture=neutral, PublicKeyToken=null]]'.
2024-08-31 19:29:05.135 +03:00 [INF] Executed action asp.netwebApiTask_8_24_2024_.Controllers.CartItemController.GetCartByID (asp.netwebApiTask(8-24-2024)) in 4.807ms
2024-08-31 19:29:05.136 +03:00 [INF] Executed endpoint 'asp.netwebApiTask_8_24_2024_.Controllers.CartItemController.GetCartByID (asp.netwebApiTask(8-24-2024))'
2024-08-31 19:29:05.137 +03:00 [INF] Request starting HTTP/2 GET https://localhost:7216/api/CartItem/getCartByID/1 - null null
2024-08-31 19:29:05.138 +03:00 [INF] Request finished HTTP/2 GET https://localhost:7216/api/CartItem/getCartByID/1 - 200 null application/json; charset=utf-8 12.1176ms
2024-08-31 19:29:05.139 +03:00 [INF] CORS policy execution successful.
2024-08-31 19:29:05.141 +03:00 [INF] Executing endpoint 'asp.netwebApiTask_8_24_2024_.Controllers.CartItemController.GetCartByID (asp.netwebApiTask(8-24-2024))'
2024-08-31 19:29:05.141 +03:00 [INF] Route matched with {action = "GetCartByID", controller = "CartItem"}. Executing controller action with signature Microsoft.AspNetCore.Mvc.IActionResult GetCartByID(Int32) on controller asp.netwebApiTask_8_24_2024_.Controllers.CartItemController (asp.netwebApiTask(8-24-2024)).
2024-08-31 19:29:05.144 +03:00 [INF] Executed DbCommand (1ms) [Parameters=[@__id_0='?' (DbType = Int32)], CommandType='"Text"', CommandTimeout='30']
SELECT [t].[CartID], [t0].[CartItemId], [t0].[CartId], [t0].[Quantity], [t0].[ProductId], [t0].[Price], [t0].[ProductName]
FROM (
    SELECT TOP(1) [c].[CartID]
    FROM [Carts] AS [c]
    WHERE [c].[UserID] = @__id_0
) AS [t]
OUTER APPLY (
    SELECT [c0].[CartItemID] AS [CartItemId], [t].[CartID] AS [CartId], [c0].[Quantity], [p].[ProductID] AS [ProductId], [p].[Price], [p].[ProductName]
    FROM [CartItems] AS [c0]
    LEFT JOIN [Product] AS [p] ON [c0].[ProductID] = [p].[ProductID]
    WHERE [t].[CartID] = [c0].[CartID]
) AS [t0]
ORDER BY [t].[CartID], [t0].[CartItemId]
2024-08-31 19:29:05.145 +03:00 [INF] Executing OkObjectResult, writing value of type 'System.Collections.Generic.List`1[[asp.netwebApiTask_8_24_2024_.DTOs.CartItemRequestDTO, asp.netwebApiTask(8-24-2024), Version=1.0.0.0, Culture=neutral, PublicKeyToken=null]]'.
2024-08-31 19:29:05.146 +03:00 [INF] Executed action asp.netwebApiTask_8_24_2024_.Controllers.CartItemController.GetCartByID (asp.netwebApiTask(8-24-2024)) in 3.6916ms
2024-08-31 19:29:05.147 +03:00 [INF] Executed endpoint 'asp.netwebApiTask_8_24_2024_.Controllers.CartItemController.GetCartByID (asp.netwebApiTask(8-24-2024))'
2024-08-31 19:29:05.147 +03:00 [INF] Request starting HTTP/2 GET https://localhost:7216/api/CartItem/getCartByID/1 - null null
2024-08-31 19:29:05.148 +03:00 [INF] Request finished HTTP/2 GET https://localhost:7216/api/CartItem/getCartByID/1 - 200 null application/json; charset=utf-8 11.03ms
2024-08-31 19:29:05.149 +03:00 [INF] CORS policy execution successful.
2024-08-31 19:29:05.152 +03:00 [INF] Executing endpoint 'asp.netwebApiTask_8_24_2024_.Controllers.CartItemController.GetCartByID (asp.netwebApiTask(8-24-2024))'
2024-08-31 19:29:05.152 +03:00 [INF] Route matched with {action = "GetCartByID", controller = "CartItem"}. Executing controller action with signature Microsoft.AspNetCore.Mvc.IActionResult GetCartByID(Int32) on controller asp.netwebApiTask_8_24_2024_.Controllers.CartItemController (asp.netwebApiTask(8-24-2024)).
2024-08-31 19:29:05.155 +03:00 [INF] Executed DbCommand (1ms) [Parameters=[@__id_0='?' (DbType = Int32)], CommandType='"Text"', CommandTimeout='30']
SELECT [t].[CartID], [t0].[CartItemId], [t0].[CartId], [t0].[Quantity], [t0].[ProductId], [t0].[Price], [t0].[ProductName]
FROM (
    SELECT TOP(1) [c].[CartID]
    FROM [Carts] AS [c]
    WHERE [c].[UserID] = @__id_0
) AS [t]
OUTER APPLY (
    SELECT [c0].[CartItemID] AS [CartItemId], [t].[CartID] AS [CartId], [c0].[Quantity], [p].[ProductID] AS [ProductId], [p].[Price], [p].[ProductName]
    FROM [CartItems] AS [c0]
    LEFT JOIN [Product] AS [p] ON [c0].[ProductID] = [p].[ProductID]
    WHERE [t].[CartID] = [c0].[CartID]
) AS [t0]
ORDER BY [t].[CartID], [t0].[CartItemId]
2024-08-31 19:29:05.157 +03:00 [INF] Executing OkObjectResult, writing value of type 'System.Collections.Generic.List`1[[asp.netwebApiTask_8_24_2024_.DTOs.CartItemRequestDTO, asp.netwebApiTask(8-24-2024), Version=1.0.0.0, Culture=neutral, PublicKeyToken=null]]'.
2024-08-31 19:29:05.158 +03:00 [INF] Executed action asp.netwebApiTask_8_24_2024_.Controllers.CartItemController.GetCartByID (asp.netwebApiTask(8-24-2024)) in 4.5469ms
2024-08-31 19:29:05.159 +03:00 [INF] Request starting HTTP/2 GET https://localhost:7216/api/CartItem/getCartByID/1 - null null
2024-08-31 19:29:05.160 +03:00 [INF] Executed endpoint 'asp.netwebApiTask_8_24_2024_.Controllers.CartItemController.GetCartByID (asp.netwebApiTask(8-24-2024))'
2024-08-31 19:29:05.161 +03:00 [INF] CORS policy execution successful.
2024-08-31 19:29:05.162 +03:00 [INF] Request finished HTTP/2 GET https://localhost:7216/api/CartItem/getCartByID/1 - 200 null application/json; charset=utf-8 14.3931ms
2024-08-31 19:29:05.162 +03:00 [INF] Executing endpoint 'asp.netwebApiTask_8_24_2024_.Controllers.CartItemController.GetCartByID (asp.netwebApiTask(8-24-2024))'
2024-08-31 19:29:05.165 +03:00 [INF] Route matched with {action = "GetCartByID", controller = "CartItem"}. Executing controller action with signature Microsoft.AspNetCore.Mvc.IActionResult GetCartByID(Int32) on controller asp.netwebApiTask_8_24_2024_.Controllers.CartItemController (asp.netwebApiTask(8-24-2024)).
2024-08-31 19:29:05.168 +03:00 [INF] Executed DbCommand (1ms) [Parameters=[@__id_0='?' (DbType = Int32)], CommandType='"Text"', CommandTimeout='30']
SELECT [t].[CartID], [t0].[CartItemId], [t0].[CartId], [t0].[Quantity], [t0].[ProductId], [t0].[Price], [t0].[ProductName]
FROM (
    SELECT TOP(1) [c].[CartID]
    FROM [Carts] AS [c]
    WHERE [c].[UserID] = @__id_0
) AS [t]
OUTER APPLY (
    SELECT [c0].[CartItemID] AS [CartItemId], [t].[CartID] AS [CartId], [c0].[Quantity], [p].[ProductID] AS [ProductId], [p].[Price], [p].[ProductName]
    FROM [CartItems] AS [c0]
    LEFT JOIN [Product] AS [p] ON [c0].[ProductID] = [p].[ProductID]
    WHERE [t].[CartID] = [c0].[CartID]
) AS [t0]
ORDER BY [t].[CartID], [t0].[CartItemId]
2024-08-31 19:29:05.169 +03:00 [INF] Executing OkObjectResult, writing value of type 'System.Collections.Generic.List`1[[asp.netwebApiTask_8_24_2024_.DTOs.CartItemRequestDTO, asp.netwebApiTask(8-24-2024), Version=1.0.0.0, Culture=neutral, PublicKeyToken=null]]'.
2024-08-31 19:29:05.170 +03:00 [INF] Executed action asp.netwebApiTask_8_24_2024_.Controllers.CartItemController.GetCartByID (asp.netwebApiTask(8-24-2024)) in 3.2864ms
2024-08-31 19:29:05.170 +03:00 [INF] Executed endpoint 'asp.netwebApiTask_8_24_2024_.Controllers.CartItemController.GetCartByID (asp.netwebApiTask(8-24-2024))'
2024-08-31 19:29:05.171 +03:00 [INF] Request starting HTTP/2 GET https://localhost:7216/api/CartItem/getCartByID/1 - null null
2024-08-31 19:29:05.171 +03:00 [INF] Request finished HTTP/2 GET https://localhost:7216/api/CartItem/getCartByID/1 - 200 null application/json; charset=utf-8 11.8828ms
2024-08-31 19:29:05.173 +03:00 [INF] CORS policy execution successful.
2024-08-31 19:29:05.175 +03:00 [INF] Executing endpoint 'asp.netwebApiTask_8_24_2024_.Controllers.CartItemController.GetCartByID (asp.netwebApiTask(8-24-2024))'
2024-08-31 19:29:05.176 +03:00 [INF] Route matched with {action = "GetCartByID", controller = "CartItem"}. Executing controller action with signature Microsoft.AspNetCore.Mvc.IActionResult GetCartByID(Int32) on controller asp.netwebApiTask_8_24_2024_.Controllers.CartItemController (asp.netwebApiTask(8-24-2024)).
2024-08-31 19:29:05.179 +03:00 [INF] Executed DbCommand (1ms) [Parameters=[@__id_0='?' (DbType = Int32)], CommandType='"Text"', CommandTimeout='30']
SELECT [t].[CartID], [t0].[CartItemId], [t0].[CartId], [t0].[Quantity], [t0].[ProductId], [t0].[Price], [t0].[ProductName]
FROM (
    SELECT TOP(1) [c].[CartID]
    FROM [Carts] AS [c]
    WHERE [c].[UserID] = @__id_0
) AS [t]
OUTER APPLY (
    SELECT [c0].[CartItemID] AS [CartItemId], [t].[CartID] AS [CartId], [c0].[Quantity], [p].[ProductID] AS [ProductId], [p].[Price], [p].[ProductName]
    FROM [CartItems] AS [c0]
    LEFT JOIN [Product] AS [p] ON [c0].[ProductID] = [p].[ProductID]
    WHERE [t].[CartID] = [c0].[CartID]
) AS [t0]
ORDER BY [t].[CartID], [t0].[CartItemId]
2024-08-31 19:29:05.182 +03:00 [INF] Executing OkObjectResult, writing value of type 'System.Collections.Generic.List`1[[asp.netwebApiTask_8_24_2024_.DTOs.CartItemRequestDTO, asp.netwebApiTask(8-24-2024), Version=1.0.0.0, Culture=neutral, PublicKeyToken=null]]'.
2024-08-31 19:29:05.183 +03:00 [INF] Executed action asp.netwebApiTask_8_24_2024_.Controllers.CartItemController.GetCartByID (asp.netwebApiTask(8-24-2024)) in 5.6441ms
2024-08-31 19:29:05.184 +03:00 [INF] Request starting HTTP/2 GET https://localhost:7216/api/CartItem/getCartByID/1 - null null
2024-08-31 19:29:05.184 +03:00 [INF] Executed endpoint 'asp.netwebApiTask_8_24_2024_.Controllers.CartItemController.GetCartByID (asp.netwebApiTask(8-24-2024))'
2024-08-31 19:29:05.186 +03:00 [INF] CORS policy execution successful.
2024-08-31 19:29:05.186 +03:00 [INF] Request finished HTTP/2 GET https://localhost:7216/api/CartItem/getCartByID/1 - 200 null application/json; charset=utf-8 15.4193ms
2024-08-31 19:29:05.186 +03:00 [INF] Executing endpoint 'asp.netwebApiTask_8_24_2024_.Controllers.CartItemController.GetCartByID (asp.netwebApiTask(8-24-2024))'
2024-08-31 19:29:05.190 +03:00 [INF] Route matched with {action = "GetCartByID", controller = "CartItem"}. Executing controller action with signature Microsoft.AspNetCore.Mvc.IActionResult GetCartByID(Int32) on controller asp.netwebApiTask_8_24_2024_.Controllers.CartItemController (asp.netwebApiTask(8-24-2024)).
2024-08-31 19:29:05.193 +03:00 [INF] Executed DbCommand (0ms) [Parameters=[@__id_0='?' (DbType = Int32)], CommandType='"Text"', CommandTimeout='30']
SELECT [t].[CartID], [t0].[CartItemId], [t0].[CartId], [t0].[Quantity], [t0].[ProductId], [t0].[Price], [t0].[ProductName]
FROM (
    SELECT TOP(1) [c].[CartID]
    FROM [Carts] AS [c]
    WHERE [c].[UserID] = @__id_0
) AS [t]
OUTER APPLY (
    SELECT [c0].[CartItemID] AS [CartItemId], [t].[CartID] AS [CartId], [c0].[Quantity], [p].[ProductID] AS [ProductId], [p].[Price], [p].[ProductName]
    FROM [CartItems] AS [c0]
    LEFT JOIN [Product] AS [p] ON [c0].[ProductID] = [p].[ProductID]
    WHERE [t].[CartID] = [c0].[CartID]
) AS [t0]
ORDER BY [t].[CartID], [t0].[CartItemId]
2024-08-31 19:29:05.194 +03:00 [INF] Executing OkObjectResult, writing value of type 'System.Collections.Generic.List`1[[asp.netwebApiTask_8_24_2024_.DTOs.CartItemRequestDTO, asp.netwebApiTask(8-24-2024), Version=1.0.0.0, Culture=neutral, PublicKeyToken=null]]'.
2024-08-31 19:29:05.195 +03:00 [INF] Executed action asp.netwebApiTask_8_24_2024_.Controllers.CartItemController.GetCartByID (asp.netwebApiTask(8-24-2024)) in 3.6327ms
2024-08-31 19:29:05.196 +03:00 [INF] Executed endpoint 'asp.netwebApiTask_8_24_2024_.Controllers.CartItemController.GetCartByID (asp.netwebApiTask(8-24-2024))'
2024-08-31 19:29:05.197 +03:00 [INF] Request finished HTTP/2 GET https://localhost:7216/api/CartItem/getCartByID/1 - 200 null application/json; charset=utf-8 12.7721ms
2024-08-31 19:29:05.197 +03:00 [INF] Request starting HTTP/2 GET https://localhost:7216/api/CartItem/getCartByID/1 - null null
2024-08-31 19:29:05.200 +03:00 [INF] CORS policy execution successful.
2024-08-31 19:29:05.200 +03:00 [INF] Executing endpoint 'asp.netwebApiTask_8_24_2024_.Controllers.CartItemController.GetCartByID (asp.netwebApiTask(8-24-2024))'
2024-08-31 19:29:05.201 +03:00 [INF] Route matched with {action = "GetCartByID", controller = "CartItem"}. Executing controller action with signature Microsoft.AspNetCore.Mvc.IActionResult GetCartByID(Int32) on controller asp.netwebApiTask_8_24_2024_.Controllers.CartItemController (asp.netwebApiTask(8-24-2024)).
2024-08-31 19:29:05.204 +03:00 [INF] Executed DbCommand (1ms) [Parameters=[@__id_0='?' (DbType = Int32)], CommandType='"Text"', CommandTimeout='30']
SELECT [t].[CartID], [t0].[CartItemId], [t0].[CartId], [t0].[Quantity], [t0].[ProductId], [t0].[Price], [t0].[ProductName]
FROM (
    SELECT TOP(1) [c].[CartID]
    FROM [Carts] AS [c]
    WHERE [c].[UserID] = @__id_0
) AS [t]
OUTER APPLY (
    SELECT [c0].[CartItemID] AS [CartItemId], [t].[CartID] AS [CartId], [c0].[Quantity], [p].[ProductID] AS [ProductId], [p].[Price], [p].[ProductName]
    FROM [CartItems] AS [c0]
    LEFT JOIN [Product] AS [p] ON [c0].[ProductID] = [p].[ProductID]
    WHERE [t].[CartID] = [c0].[CartID]
) AS [t0]
ORDER BY [t].[CartID], [t0].[CartItemId]
2024-08-31 19:29:05.205 +03:00 [INF] Executing OkObjectResult, writing value of type 'System.Collections.Generic.List`1[[asp.netwebApiTask_8_24_2024_.DTOs.CartItemRequestDTO, asp.netwebApiTask(8-24-2024), Version=1.0.0.0, Culture=neutral, PublicKeyToken=null]]'.
2024-08-31 19:29:05.206 +03:00 [INF] Executed action asp.netwebApiTask_8_24_2024_.Controllers.CartItemController.GetCartByID (asp.netwebApiTask(8-24-2024)) in 3.7503ms
2024-08-31 19:29:05.207 +03:00 [INF] Executed endpoint 'asp.netwebApiTask_8_24_2024_.Controllers.CartItemController.GetCartByID (asp.netwebApiTask(8-24-2024))'
2024-08-31 19:29:05.208 +03:00 [INF] Request finished HTTP/2 GET https://localhost:7216/api/CartItem/getCartByID/1 - 200 null application/json; charset=utf-8 11.2167ms
2024-08-31 19:29:08.154 +03:00 [INF] Request starting HTTP/2 GET https://localhost:7216/api/CartItem/getCartByID/1 - null null
2024-08-31 19:29:08.155 +03:00 [INF] CORS policy execution successful.
2024-08-31 19:29:08.157 +03:00 [INF] Executing endpoint 'asp.netwebApiTask_8_24_2024_.Controllers.CartItemController.GetCartByID (asp.netwebApiTask(8-24-2024))'
2024-08-31 19:29:08.157 +03:00 [INF] Route matched with {action = "GetCartByID", controller = "CartItem"}. Executing controller action with signature Microsoft.AspNetCore.Mvc.IActionResult GetCartByID(Int32) on controller asp.netwebApiTask_8_24_2024_.Controllers.CartItemController (asp.netwebApiTask(8-24-2024)).
2024-08-31 19:29:08.160 +03:00 [INF] Executed DbCommand (1ms) [Parameters=[@__id_0='?' (DbType = Int32)], CommandType='"Text"', CommandTimeout='30']
SELECT [t].[CartID], [t0].[CartItemId], [t0].[CartId], [t0].[Quantity], [t0].[ProductId], [t0].[Price], [t0].[ProductName]
FROM (
    SELECT TOP(1) [c].[CartID]
    FROM [Carts] AS [c]
    WHERE [c].[UserID] = @__id_0
) AS [t]
OUTER APPLY (
    SELECT [c0].[CartItemID] AS [CartItemId], [t].[CartID] AS [CartId], [c0].[Quantity], [p].[ProductID] AS [ProductId], [p].[Price], [p].[ProductName]
    FROM [CartItems] AS [c0]
    LEFT JOIN [Product] AS [p] ON [c0].[ProductID] = [p].[ProductID]
    WHERE [t].[CartID] = [c0].[CartID]
) AS [t0]
ORDER BY [t].[CartID], [t0].[CartItemId]
2024-08-31 19:29:08.162 +03:00 [INF] Executing OkObjectResult, writing value of type 'System.Collections.Generic.List`1[[asp.netwebApiTask_8_24_2024_.DTOs.CartItemRequestDTO, asp.netwebApiTask(8-24-2024), Version=1.0.0.0, Culture=neutral, PublicKeyToken=null]]'.
2024-08-31 19:29:08.163 +03:00 [INF] Executed action asp.netwebApiTask_8_24_2024_.Controllers.CartItemController.GetCartByID (asp.netwebApiTask(8-24-2024)) in 4.0125ms
2024-08-31 19:29:08.163 +03:00 [INF] Executed endpoint 'asp.netwebApiTask_8_24_2024_.Controllers.CartItemController.GetCartByID (asp.netwebApiTask(8-24-2024))'
2024-08-31 19:29:08.164 +03:00 [INF] Request finished HTTP/2 GET https://localhost:7216/api/CartItem/getCartByID/1 - 200 null application/json; charset=utf-8 10.7589ms
2024-08-31 19:29:08.165 +03:00 [INF] Request starting HTTP/2 GET https://localhost:7216/api/CartItem/getCartByID/1 - null null
2024-08-31 19:29:08.167 +03:00 [INF] CORS policy execution successful.
2024-08-31 19:29:08.168 +03:00 [INF] Executing endpoint 'asp.netwebApiTask_8_24_2024_.Controllers.CartItemController.GetCartByID (asp.netwebApiTask(8-24-2024))'
2024-08-31 19:29:08.168 +03:00 [INF] Route matched with {action = "GetCartByID", controller = "CartItem"}. Executing controller action with signature Microsoft.AspNetCore.Mvc.IActionResult GetCartByID(Int32) on controller asp.netwebApiTask_8_24_2024_.Controllers.CartItemController (asp.netwebApiTask(8-24-2024)).
2024-08-31 19:29:08.171 +03:00 [INF] Executed DbCommand (1ms) [Parameters=[@__id_0='?' (DbType = Int32)], CommandType='"Text"', CommandTimeout='30']
SELECT [t].[CartID], [t0].[CartItemId], [t0].[CartId], [t0].[Quantity], [t0].[ProductId], [t0].[Price], [t0].[ProductName]
FROM (
    SELECT TOP(1) [c].[CartID]
    FROM [Carts] AS [c]
    WHERE [c].[UserID] = @__id_0
) AS [t]
OUTER APPLY (
    SELECT [c0].[CartItemID] AS [CartItemId], [t].[CartID] AS [CartId], [c0].[Quantity], [p].[ProductID] AS [ProductId], [p].[Price], [p].[ProductName]
    FROM [CartItems] AS [c0]
    LEFT JOIN [Product] AS [p] ON [c0].[ProductID] = [p].[ProductID]
    WHERE [t].[CartID] = [c0].[CartID]
) AS [t0]
ORDER BY [t].[CartID], [t0].[CartItemId]
2024-08-31 19:29:08.173 +03:00 [INF] Executing OkObjectResult, writing value of type 'System.Collections.Generic.List`1[[asp.netwebApiTask_8_24_2024_.DTOs.CartItemRequestDTO, asp.netwebApiTask(8-24-2024), Version=1.0.0.0, Culture=neutral, PublicKeyToken=null]]'.
2024-08-31 19:29:08.174 +03:00 [INF] Executed action asp.netwebApiTask_8_24_2024_.Controllers.CartItemController.GetCartByID (asp.netwebApiTask(8-24-2024)) in 4.0808ms
2024-08-31 19:29:08.174 +03:00 [INF] Executed endpoint 'asp.netwebApiTask_8_24_2024_.Controllers.CartItemController.GetCartByID (asp.netwebApiTask(8-24-2024))'
2024-08-31 19:29:08.175 +03:00 [INF] Request starting HTTP/2 GET https://localhost:7216/api/CartItem/getCartByID/1 - null null
2024-08-31 19:29:08.175 +03:00 [INF] Request finished HTTP/2 GET https://localhost:7216/api/CartItem/getCartByID/1 - 200 null application/json; charset=utf-8 10.7845ms
2024-08-31 19:29:08.176 +03:00 [INF] CORS policy execution successful.
2024-08-31 19:29:08.179 +03:00 [INF] Executing endpoint 'asp.netwebApiTask_8_24_2024_.Controllers.CartItemController.GetCartByID (asp.netwebApiTask(8-24-2024))'
2024-08-31 19:29:08.180 +03:00 [INF] Route matched with {action = "GetCartByID", controller = "CartItem"}. Executing controller action with signature Microsoft.AspNetCore.Mvc.IActionResult GetCartByID(Int32) on controller asp.netwebApiTask_8_24_2024_.Controllers.CartItemController (asp.netwebApiTask(8-24-2024)).
2024-08-31 19:29:08.183 +03:00 [INF] Executed DbCommand (1ms) [Parameters=[@__id_0='?' (DbType = Int32)], CommandType='"Text"', CommandTimeout='30']
SELECT [t].[CartID], [t0].[CartItemId], [t0].[CartId], [t0].[Quantity], [t0].[ProductId], [t0].[Price], [t0].[ProductName]
FROM (
    SELECT TOP(1) [c].[CartID]
    FROM [Carts] AS [c]
    WHERE [c].[UserID] = @__id_0
) AS [t]
OUTER APPLY (
    SELECT [c0].[CartItemID] AS [CartItemId], [t].[CartID] AS [CartId], [c0].[Quantity], [p].[ProductID] AS [ProductId], [p].[Price], [p].[ProductName]
    FROM [CartItems] AS [c0]
    LEFT JOIN [Product] AS [p] ON [c0].[ProductID] = [p].[ProductID]
    WHERE [t].[CartID] = [c0].[CartID]
) AS [t0]
ORDER BY [t].[CartID], [t0].[CartItemId]
2024-08-31 19:29:08.185 +03:00 [INF] Executing OkObjectResult, writing value of type 'System.Collections.Generic.List`1[[asp.netwebApiTask_8_24_2024_.DTOs.CartItemRequestDTO, asp.netwebApiTask(8-24-2024), Version=1.0.0.0, Culture=neutral, PublicKeyToken=null]]'.
2024-08-31 19:29:08.187 +03:00 [INF] Executed action asp.netwebApiTask_8_24_2024_.Controllers.CartItemController.GetCartByID (asp.netwebApiTask(8-24-2024)) in 5.2462ms
2024-08-31 19:29:08.187 +03:00 [INF] Executed endpoint 'asp.netwebApiTask_8_24_2024_.Controllers.CartItemController.GetCartByID (asp.netwebApiTask(8-24-2024))'
2024-08-31 19:29:08.188 +03:00 [INF] Request starting HTTP/2 GET https://localhost:7216/api/CartItem/getCartByID/1 - null null
2024-08-31 19:29:08.188 +03:00 [INF] Request finished HTTP/2 GET https://localhost:7216/api/CartItem/getCartByID/1 - 200 null application/json; charset=utf-8 13.5162ms
2024-08-31 19:29:08.190 +03:00 [INF] CORS policy execution successful.
2024-08-31 19:29:08.192 +03:00 [INF] Executing endpoint 'asp.netwebApiTask_8_24_2024_.Controllers.CartItemController.GetCartByID (asp.netwebApiTask(8-24-2024))'
2024-08-31 19:29:08.193 +03:00 [INF] Route matched with {action = "GetCartByID", controller = "CartItem"}. Executing controller action with signature Microsoft.AspNetCore.Mvc.IActionResult GetCartByID(Int32) on controller asp.netwebApiTask_8_24_2024_.Controllers.CartItemController (asp.netwebApiTask(8-24-2024)).
2024-08-31 19:29:08.196 +03:00 [INF] Executed DbCommand (1ms) [Parameters=[@__id_0='?' (DbType = Int32)], CommandType='"Text"', CommandTimeout='30']
SELECT [t].[CartID], [t0].[CartItemId], [t0].[CartId], [t0].[Quantity], [t0].[ProductId], [t0].[Price], [t0].[ProductName]
FROM (
    SELECT TOP(1) [c].[CartID]
    FROM [Carts] AS [c]
    WHERE [c].[UserID] = @__id_0
) AS [t]
OUTER APPLY (
    SELECT [c0].[CartItemID] AS [CartItemId], [t].[CartID] AS [CartId], [c0].[Quantity], [p].[ProductID] AS [ProductId], [p].[Price], [p].[ProductName]
    FROM [CartItems] AS [c0]
    LEFT JOIN [Product] AS [p] ON [c0].[ProductID] = [p].[ProductID]
    WHERE [t].[CartID] = [c0].[CartID]
) AS [t0]
ORDER BY [t].[CartID], [t0].[CartItemId]
2024-08-31 19:29:08.199 +03:00 [INF] Executing OkObjectResult, writing value of type 'System.Collections.Generic.List`1[[asp.netwebApiTask_8_24_2024_.DTOs.CartItemRequestDTO, asp.netwebApiTask(8-24-2024), Version=1.0.0.0, Culture=neutral, PublicKeyToken=null]]'.
2024-08-31 19:29:08.202 +03:00 [INF] Executed action asp.netwebApiTask_8_24_2024_.Controllers.CartItemController.GetCartByID (asp.netwebApiTask(8-24-2024)) in 7.3519ms
2024-08-31 19:29:08.203 +03:00 [INF] Request starting HTTP/2 GET https://localhost:7216/api/CartItem/getCartByID/1 - null null
2024-08-31 19:29:08.203 +03:00 [INF] Executed endpoint 'asp.netwebApiTask_8_24_2024_.Controllers.CartItemController.GetCartByID (asp.netwebApiTask(8-24-2024))'
2024-08-31 19:29:08.206 +03:00 [INF] CORS policy execution successful.
2024-08-31 19:29:08.206 +03:00 [INF] Request finished HTTP/2 GET https://localhost:7216/api/CartItem/getCartByID/1 - 200 null application/json; charset=utf-8 18.4097ms
2024-08-31 19:29:08.207 +03:00 [INF] Executing endpoint 'asp.netwebApiTask_8_24_2024_.Controllers.CartItemController.GetCartByID (asp.netwebApiTask(8-24-2024))'
2024-08-31 19:29:08.209 +03:00 [INF] Route matched with {action = "GetCartByID", controller = "CartItem"}. Executing controller action with signature Microsoft.AspNetCore.Mvc.IActionResult GetCartByID(Int32) on controller asp.netwebApiTask_8_24_2024_.Controllers.CartItemController (asp.netwebApiTask(8-24-2024)).
2024-08-31 19:29:08.212 +03:00 [INF] Executed DbCommand (1ms) [Parameters=[@__id_0='?' (DbType = Int32)], CommandType='"Text"', CommandTimeout='30']
SELECT [t].[CartID], [t0].[CartItemId], [t0].[CartId], [t0].[Quantity], [t0].[ProductId], [t0].[Price], [t0].[ProductName]
FROM (
    SELECT TOP(1) [c].[CartID]
    FROM [Carts] AS [c]
    WHERE [c].[UserID] = @__id_0
) AS [t]
OUTER APPLY (
    SELECT [c0].[CartItemID] AS [CartItemId], [t].[CartID] AS [CartId], [c0].[Quantity], [p].[ProductID] AS [ProductId], [p].[Price], [p].[ProductName]
    FROM [CartItems] AS [c0]
    LEFT JOIN [Product] AS [p] ON [c0].[ProductID] = [p].[ProductID]
    WHERE [t].[CartID] = [c0].[CartID]
) AS [t0]
ORDER BY [t].[CartID], [t0].[CartItemId]
2024-08-31 19:29:08.214 +03:00 [INF] Executing OkObjectResult, writing value of type 'System.Collections.Generic.List`1[[asp.netwebApiTask_8_24_2024_.DTOs.CartItemRequestDTO, asp.netwebApiTask(8-24-2024), Version=1.0.0.0, Culture=neutral, PublicKeyToken=null]]'.
2024-08-31 19:29:08.215 +03:00 [INF] Executed action asp.netwebApiTask_8_24_2024_.Controllers.CartItemController.GetCartByID (asp.netwebApiTask(8-24-2024)) in 5.0392ms
2024-08-31 19:29:08.216 +03:00 [INF] Executed endpoint 'asp.netwebApiTask_8_24_2024_.Controllers.CartItemController.GetCartByID (asp.netwebApiTask(8-24-2024))'
2024-08-31 19:29:08.217 +03:00 [INF] Request starting HTTP/2 GET https://localhost:7216/api/CartItem/getCartByID/1 - null null
2024-08-31 19:29:08.217 +03:00 [INF] Request finished HTTP/2 GET https://localhost:7216/api/CartItem/getCartByID/1 - 200 null application/json; charset=utf-8 14.1419ms
2024-08-31 19:29:08.218 +03:00 [INF] CORS policy execution successful.
2024-08-31 19:29:08.220 +03:00 [INF] Executing endpoint 'asp.netwebApiTask_8_24_2024_.Controllers.CartItemController.GetCartByID (asp.netwebApiTask(8-24-2024))'
2024-08-31 19:29:08.221 +03:00 [INF] Route matched with {action = "GetCartByID", controller = "CartItem"}. Executing controller action with signature Microsoft.AspNetCore.Mvc.IActionResult GetCartByID(Int32) on controller asp.netwebApiTask_8_24_2024_.Controllers.CartItemController (asp.netwebApiTask(8-24-2024)).
2024-08-31 19:29:08.224 +03:00 [INF] Executed DbCommand (1ms) [Parameters=[@__id_0='?' (DbType = Int32)], CommandType='"Text"', CommandTimeout='30']
SELECT [t].[CartID], [t0].[CartItemId], [t0].[CartId], [t0].[Quantity], [t0].[ProductId], [t0].[Price], [t0].[ProductName]
FROM (
    SELECT TOP(1) [c].[CartID]
    FROM [Carts] AS [c]
    WHERE [c].[UserID] = @__id_0
) AS [t]
OUTER APPLY (
    SELECT [c0].[CartItemID] AS [CartItemId], [t].[CartID] AS [CartId], [c0].[Quantity], [p].[ProductID] AS [ProductId], [p].[Price], [p].[ProductName]
    FROM [CartItems] AS [c0]
    LEFT JOIN [Product] AS [p] ON [c0].[ProductID] = [p].[ProductID]
    WHERE [t].[CartID] = [c0].[CartID]
) AS [t0]
ORDER BY [t].[CartID], [t0].[CartItemId]
2024-08-31 19:29:08.226 +03:00 [INF] Executing OkObjectResult, writing value of type 'System.Collections.Generic.List`1[[asp.netwebApiTask_8_24_2024_.DTOs.CartItemRequestDTO, asp.netwebApiTask(8-24-2024), Version=1.0.0.0, Culture=neutral, PublicKeyToken=null]]'.
2024-08-31 19:29:08.227 +03:00 [INF] Executed action asp.netwebApiTask_8_24_2024_.Controllers.CartItemController.GetCartByID (asp.netwebApiTask(8-24-2024)) in 4.8821ms
2024-08-31 19:29:08.227 +03:00 [INF] Executed endpoint 'asp.netwebApiTask_8_24_2024_.Controllers.CartItemController.GetCartByID (asp.netwebApiTask(8-24-2024))'
2024-08-31 19:29:08.229 +03:00 [INF] Request starting HTTP/2 GET https://localhost:7216/api/CartItem/getCartByID/1 - null null
2024-08-31 19:29:08.229 +03:00 [INF] Request finished HTTP/2 GET https://localhost:7216/api/CartItem/getCartByID/1 - 200 null application/json; charset=utf-8 12.2641ms
2024-08-31 19:29:08.230 +03:00 [INF] CORS policy execution successful.
2024-08-31 19:29:08.232 +03:00 [INF] Executing endpoint 'asp.netwebApiTask_8_24_2024_.Controllers.CartItemController.GetCartByID (asp.netwebApiTask(8-24-2024))'
2024-08-31 19:29:08.233 +03:00 [INF] Route matched with {action = "GetCartByID", controller = "CartItem"}. Executing controller action with signature Microsoft.AspNetCore.Mvc.IActionResult GetCartByID(Int32) on controller asp.netwebApiTask_8_24_2024_.Controllers.CartItemController (asp.netwebApiTask(8-24-2024)).
2024-08-31 19:29:08.236 +03:00 [INF] Executed DbCommand (1ms) [Parameters=[@__id_0='?' (DbType = Int32)], CommandType='"Text"', CommandTimeout='30']
SELECT [t].[CartID], [t0].[CartItemId], [t0].[CartId], [t0].[Quantity], [t0].[ProductId], [t0].[Price], [t0].[ProductName]
FROM (
    SELECT TOP(1) [c].[CartID]
    FROM [Carts] AS [c]
    WHERE [c].[UserID] = @__id_0
) AS [t]
OUTER APPLY (
    SELECT [c0].[CartItemID] AS [CartItemId], [t].[CartID] AS [CartId], [c0].[Quantity], [p].[ProductID] AS [ProductId], [p].[Price], [p].[ProductName]
    FROM [CartItems] AS [c0]
    LEFT JOIN [Product] AS [p] ON [c0].[ProductID] = [p].[ProductID]
    WHERE [t].[CartID] = [c0].[CartID]
) AS [t0]
ORDER BY [t].[CartID], [t0].[CartItemId]
2024-08-31 19:29:08.238 +03:00 [INF] Executing OkObjectResult, writing value of type 'System.Collections.Generic.List`1[[asp.netwebApiTask_8_24_2024_.DTOs.CartItemRequestDTO, asp.netwebApiTask(8-24-2024), Version=1.0.0.0, Culture=neutral, PublicKeyToken=null]]'.
2024-08-31 19:29:08.238 +03:00 [INF] Executed action asp.netwebApiTask_8_24_2024_.Controllers.CartItemController.GetCartByID (asp.netwebApiTask(8-24-2024)) in 4.5597ms
2024-08-31 19:29:08.239 +03:00 [INF] Executed endpoint 'asp.netwebApiTask_8_24_2024_.Controllers.CartItemController.GetCartByID (asp.netwebApiTask(8-24-2024))'
2024-08-31 19:29:08.240 +03:00 [INF] Request finished HTTP/2 GET https://localhost:7216/api/CartItem/getCartByID/1 - 200 null application/json; charset=utf-8 11.2934ms
2024-08-31 19:29:22.260 +03:00 [INF] Request starting HTTP/2 GET https://localhost:7216/api/CartItem/getCartByID/1 - null null
2024-08-31 19:29:22.262 +03:00 [INF] CORS policy execution successful.
2024-08-31 19:29:22.263 +03:00 [INF] Executing endpoint 'asp.netwebApiTask_8_24_2024_.Controllers.CartItemController.GetCartByID (asp.netwebApiTask(8-24-2024))'
2024-08-31 19:29:22.264 +03:00 [INF] Route matched with {action = "GetCartByID", controller = "CartItem"}. Executing controller action with signature Microsoft.AspNetCore.Mvc.IActionResult GetCartByID(Int32) on controller asp.netwebApiTask_8_24_2024_.Controllers.CartItemController (asp.netwebApiTask(8-24-2024)).
2024-08-31 19:29:22.267 +03:00 [INF] Executed DbCommand (1ms) [Parameters=[@__id_0='?' (DbType = Int32)], CommandType='"Text"', CommandTimeout='30']
SELECT [t].[CartID], [t0].[CartItemId], [t0].[CartId], [t0].[Quantity], [t0].[ProductId], [t0].[Price], [t0].[ProductName]
FROM (
    SELECT TOP(1) [c].[CartID]
    FROM [Carts] AS [c]
    WHERE [c].[UserID] = @__id_0
) AS [t]
OUTER APPLY (
    SELECT [c0].[CartItemID] AS [CartItemId], [t].[CartID] AS [CartId], [c0].[Quantity], [p].[ProductID] AS [ProductId], [p].[Price], [p].[ProductName]
    FROM [CartItems] AS [c0]
    LEFT JOIN [Product] AS [p] ON [c0].[ProductID] = [p].[ProductID]
    WHERE [t].[CartID] = [c0].[CartID]
) AS [t0]
ORDER BY [t].[CartID], [t0].[CartItemId]
2024-08-31 19:29:22.269 +03:00 [INF] Executing OkObjectResult, writing value of type 'System.Collections.Generic.List`1[[asp.netwebApiTask_8_24_2024_.DTOs.CartItemRequestDTO, asp.netwebApiTask(8-24-2024), Version=1.0.0.0, Culture=neutral, PublicKeyToken=null]]'.
2024-08-31 19:29:22.269 +03:00 [INF] Executed action asp.netwebApiTask_8_24_2024_.Controllers.CartItemController.GetCartByID (asp.netwebApiTask(8-24-2024)) in 4.6171ms
2024-08-31 19:29:22.270 +03:00 [INF] Executed endpoint 'asp.netwebApiTask_8_24_2024_.Controllers.CartItemController.GetCartByID (asp.netwebApiTask(8-24-2024))'
2024-08-31 19:29:22.271 +03:00 [INF] Request finished HTTP/2 GET https://localhost:7216/api/CartItem/getCartByID/1 - 200 null application/json; charset=utf-8 11.1027ms
2024-08-31 19:29:22.271 +03:00 [INF] Request starting HTTP/2 GET https://localhost:7216/api/CartItem/getCartByID/1 - null null
2024-08-31 19:29:22.274 +03:00 [INF] CORS policy execution successful.
2024-08-31 19:29:22.274 +03:00 [INF] Executing endpoint 'asp.netwebApiTask_8_24_2024_.Controllers.CartItemController.GetCartByID (asp.netwebApiTask(8-24-2024))'
2024-08-31 19:29:22.275 +03:00 [INF] Route matched with {action = "GetCartByID", controller = "CartItem"}. Executing controller action with signature Microsoft.AspNetCore.Mvc.IActionResult GetCartByID(Int32) on controller asp.netwebApiTask_8_24_2024_.Controllers.CartItemController (asp.netwebApiTask(8-24-2024)).
2024-08-31 19:29:22.280 +03:00 [INF] Executed DbCommand (1ms) [Parameters=[@__id_0='?' (DbType = Int32)], CommandType='"Text"', CommandTimeout='30']
SELECT [t].[CartID], [t0].[CartItemId], [t0].[CartId], [t0].[Quantity], [t0].[ProductId], [t0].[Price], [t0].[ProductName]
FROM (
    SELECT TOP(1) [c].[CartID]
    FROM [Carts] AS [c]
    WHERE [c].[UserID] = @__id_0
) AS [t]
OUTER APPLY (
    SELECT [c0].[CartItemID] AS [CartItemId], [t].[CartID] AS [CartId], [c0].[Quantity], [p].[ProductID] AS [ProductId], [p].[Price], [p].[ProductName]
    FROM [CartItems] AS [c0]
    LEFT JOIN [Product] AS [p] ON [c0].[ProductID] = [p].[ProductID]
    WHERE [t].[CartID] = [c0].[CartID]
) AS [t0]
ORDER BY [t].[CartID], [t0].[CartItemId]
2024-08-31 19:29:22.281 +03:00 [INF] Executing OkObjectResult, writing value of type 'System.Collections.Generic.List`1[[asp.netwebApiTask_8_24_2024_.DTOs.CartItemRequestDTO, asp.netwebApiTask(8-24-2024), Version=1.0.0.0, Culture=neutral, PublicKeyToken=null]]'.
2024-08-31 19:29:22.282 +03:00 [INF] Executed action asp.netwebApiTask_8_24_2024_.Controllers.CartItemController.GetCartByID (asp.netwebApiTask(8-24-2024)) in 6.2718ms
2024-08-31 19:29:22.283 +03:00 [INF] Executed endpoint 'asp.netwebApiTask_8_24_2024_.Controllers.CartItemController.GetCartByID (asp.netwebApiTask(8-24-2024))'
2024-08-31 19:29:22.284 +03:00 [INF] Request starting HTTP/2 GET https://localhost:7216/api/CartItem/getCartByID/1 - null null
2024-08-31 19:29:22.284 +03:00 [INF] Request finished HTTP/2 GET https://localhost:7216/api/CartItem/getCartByID/1 - 200 null application/json; charset=utf-8 12.3741ms
2024-08-31 19:29:22.285 +03:00 [INF] CORS policy execution successful.
2024-08-31 19:29:22.287 +03:00 [INF] Executing endpoint 'asp.netwebApiTask_8_24_2024_.Controllers.CartItemController.GetCartByID (asp.netwebApiTask(8-24-2024))'
2024-08-31 19:29:22.288 +03:00 [INF] Route matched with {action = "GetCartByID", controller = "CartItem"}. Executing controller action with signature Microsoft.AspNetCore.Mvc.IActionResult GetCartByID(Int32) on controller asp.netwebApiTask_8_24_2024_.Controllers.CartItemController (asp.netwebApiTask(8-24-2024)).
2024-08-31 19:29:22.291 +03:00 [INF] Executed DbCommand (0ms) [Parameters=[@__id_0='?' (DbType = Int32)], CommandType='"Text"', CommandTimeout='30']
SELECT [t].[CartID], [t0].[CartItemId], [t0].[CartId], [t0].[Quantity], [t0].[ProductId], [t0].[Price], [t0].[ProductName]
FROM (
    SELECT TOP(1) [c].[CartID]
    FROM [Carts] AS [c]
    WHERE [c].[UserID] = @__id_0
) AS [t]
OUTER APPLY (
    SELECT [c0].[CartItemID] AS [CartItemId], [t].[CartID] AS [CartId], [c0].[Quantity], [p].[ProductID] AS [ProductId], [p].[Price], [p].[ProductName]
    FROM [CartItems] AS [c0]
    LEFT JOIN [Product] AS [p] ON [c0].[ProductID] = [p].[ProductID]
    WHERE [t].[CartID] = [c0].[CartID]
) AS [t0]
ORDER BY [t].[CartID], [t0].[CartItemId]
2024-08-31 19:29:22.294 +03:00 [INF] Executing OkObjectResult, writing value of type 'System.Collections.Generic.List`1[[asp.netwebApiTask_8_24_2024_.DTOs.CartItemRequestDTO, asp.netwebApiTask(8-24-2024), Version=1.0.0.0, Culture=neutral, PublicKeyToken=null]]'.
2024-08-31 19:29:22.294 +03:00 [INF] Executed action asp.netwebApiTask_8_24_2024_.Controllers.CartItemController.GetCartByID (asp.netwebApiTask(8-24-2024)) in 4.2051ms
2024-08-31 19:29:22.295 +03:00 [INF] Executed endpoint 'asp.netwebApiTask_8_24_2024_.Controllers.CartItemController.GetCartByID (asp.netwebApiTask(8-24-2024))'
2024-08-31 19:29:22.295 +03:00 [INF] Request starting HTTP/2 GET https://localhost:7216/api/CartItem/getCartByID/1 - null null
2024-08-31 19:29:22.296 +03:00 [INF] Request finished HTTP/2 GET https://localhost:7216/api/CartItem/getCartByID/1 - 200 null application/json; charset=utf-8 12.4189ms
2024-08-31 19:29:22.297 +03:00 [INF] CORS policy execution successful.
2024-08-31 19:29:22.301 +03:00 [INF] Executing endpoint 'asp.netwebApiTask_8_24_2024_.Controllers.CartItemController.GetCartByID (asp.netwebApiTask(8-24-2024))'
2024-08-31 19:29:22.301 +03:00 [INF] Route matched with {action = "GetCartByID", controller = "CartItem"}. Executing controller action with signature Microsoft.AspNetCore.Mvc.IActionResult GetCartByID(Int32) on controller asp.netwebApiTask_8_24_2024_.Controllers.CartItemController (asp.netwebApiTask(8-24-2024)).
2024-08-31 19:29:22.304 +03:00 [INF] Executed DbCommand (1ms) [Parameters=[@__id_0='?' (DbType = Int32)], CommandType='"Text"', CommandTimeout='30']
SELECT [t].[CartID], [t0].[CartItemId], [t0].[CartId], [t0].[Quantity], [t0].[ProductId], [t0].[Price], [t0].[ProductName]
FROM (
    SELECT TOP(1) [c].[CartID]
    FROM [Carts] AS [c]
    WHERE [c].[UserID] = @__id_0
) AS [t]
OUTER APPLY (
    SELECT [c0].[CartItemID] AS [CartItemId], [t].[CartID] AS [CartId], [c0].[Quantity], [p].[ProductID] AS [ProductId], [p].[Price], [p].[ProductName]
    FROM [CartItems] AS [c0]
    LEFT JOIN [Product] AS [p] ON [c0].[ProductID] = [p].[ProductID]
    WHERE [t].[CartID] = [c0].[CartID]
) AS [t0]
ORDER BY [t].[CartID], [t0].[CartItemId]
2024-08-31 19:29:22.306 +03:00 [INF] Executing OkObjectResult, writing value of type 'System.Collections.Generic.List`1[[asp.netwebApiTask_8_24_2024_.DTOs.CartItemRequestDTO, asp.netwebApiTask(8-24-2024), Version=1.0.0.0, Culture=neutral, PublicKeyToken=null]]'.
2024-08-31 19:29:22.307 +03:00 [INF] Executed action asp.netwebApiTask_8_24_2024_.Controllers.CartItemController.GetCartByID (asp.netwebApiTask(8-24-2024)) in 4.4945ms
2024-08-31 19:29:22.308 +03:00 [INF] Executed endpoint 'asp.netwebApiTask_8_24_2024_.Controllers.CartItemController.GetCartByID (asp.netwebApiTask(8-24-2024))'
2024-08-31 19:29:22.308 +03:00 [INF] Request starting HTTP/2 GET https://localhost:7216/api/CartItem/getCartByID/1 - null null
2024-08-31 19:29:22.309 +03:00 [INF] Request finished HTTP/2 GET https://localhost:7216/api/CartItem/getCartByID/1 - 200 null application/json; charset=utf-8 13.687ms
2024-08-31 19:29:22.310 +03:00 [INF] CORS policy execution successful.
2024-08-31 19:29:22.313 +03:00 [INF] Executing endpoint 'asp.netwebApiTask_8_24_2024_.Controllers.CartItemController.GetCartByID (asp.netwebApiTask(8-24-2024))'
2024-08-31 19:29:22.314 +03:00 [INF] Route matched with {action = "GetCartByID", controller = "CartItem"}. Executing controller action with signature Microsoft.AspNetCore.Mvc.IActionResult GetCartByID(Int32) on controller asp.netwebApiTask_8_24_2024_.Controllers.CartItemController (asp.netwebApiTask(8-24-2024)).
2024-08-31 19:29:22.317 +03:00 [INF] Executed DbCommand (0ms) [Parameters=[@__id_0='?' (DbType = Int32)], CommandType='"Text"', CommandTimeout='30']
SELECT [t].[CartID], [t0].[CartItemId], [t0].[CartId], [t0].[Quantity], [t0].[ProductId], [t0].[Price], [t0].[ProductName]
FROM (
    SELECT TOP(1) [c].[CartID]
    FROM [Carts] AS [c]
    WHERE [c].[UserID] = @__id_0
) AS [t]
OUTER APPLY (
    SELECT [c0].[CartItemID] AS [CartItemId], [t].[CartID] AS [CartId], [c0].[Quantity], [p].[ProductID] AS [ProductId], [p].[Price], [p].[ProductName]
    FROM [CartItems] AS [c0]
    LEFT JOIN [Product] AS [p] ON [c0].[ProductID] = [p].[ProductID]
    WHERE [t].[CartID] = [c0].[CartID]
) AS [t0]
ORDER BY [t].[CartID], [t0].[CartItemId]
2024-08-31 19:29:22.319 +03:00 [INF] Executing OkObjectResult, writing value of type 'System.Collections.Generic.List`1[[asp.netwebApiTask_8_24_2024_.DTOs.CartItemRequestDTO, asp.netwebApiTask(8-24-2024), Version=1.0.0.0, Culture=neutral, PublicKeyToken=null]]'.
2024-08-31 19:29:22.320 +03:00 [INF] Executed action asp.netwebApiTask_8_24_2024_.Controllers.CartItemController.GetCartByID (asp.netwebApiTask(8-24-2024)) in 4.3904ms
2024-08-31 19:29:22.321 +03:00 [INF] Request starting HTTP/2 GET https://localhost:7216/api/CartItem/getCartByID/1 - null null
2024-08-31 19:29:22.322 +03:00 [INF] Executed endpoint 'asp.netwebApiTask_8_24_2024_.Controllers.CartItemController.GetCartByID (asp.netwebApiTask(8-24-2024))'
2024-08-31 19:29:22.323 +03:00 [INF] CORS policy execution successful.
2024-08-31 19:29:22.324 +03:00 [INF] Request finished HTTP/2 GET https://localhost:7216/api/CartItem/getCartByID/1 - 200 null application/json; charset=utf-8 15.8041ms
2024-08-31 19:29:22.324 +03:00 [INF] Executing endpoint 'asp.netwebApiTask_8_24_2024_.Controllers.CartItemController.GetCartByID (asp.netwebApiTask(8-24-2024))'
2024-08-31 19:29:22.327 +03:00 [INF] Route matched with {action = "GetCartByID", controller = "CartItem"}. Executing controller action with signature Microsoft.AspNetCore.Mvc.IActionResult GetCartByID(Int32) on controller asp.netwebApiTask_8_24_2024_.Controllers.CartItemController (asp.netwebApiTask(8-24-2024)).
2024-08-31 19:29:22.329 +03:00 [INF] Executed DbCommand (1ms) [Parameters=[@__id_0='?' (DbType = Int32)], CommandType='"Text"', CommandTimeout='30']
SELECT [t].[CartID], [t0].[CartItemId], [t0].[CartId], [t0].[Quantity], [t0].[ProductId], [t0].[Price], [t0].[ProductName]
FROM (
    SELECT TOP(1) [c].[CartID]
    FROM [Carts] AS [c]
    WHERE [c].[UserID] = @__id_0
) AS [t]
OUTER APPLY (
    SELECT [c0].[CartItemID] AS [CartItemId], [t].[CartID] AS [CartId], [c0].[Quantity], [p].[ProductID] AS [ProductId], [p].[Price], [p].[ProductName]
    FROM [CartItems] AS [c0]
    LEFT JOIN [Product] AS [p] ON [c0].[ProductID] = [p].[ProductID]
    WHERE [t].[CartID] = [c0].[CartID]
) AS [t0]
ORDER BY [t].[CartID], [t0].[CartItemId]
2024-08-31 19:29:22.331 +03:00 [INF] Executing OkObjectResult, writing value of type 'System.Collections.Generic.List`1[[asp.netwebApiTask_8_24_2024_.DTOs.CartItemRequestDTO, asp.netwebApiTask(8-24-2024), Version=1.0.0.0, Culture=neutral, PublicKeyToken=null]]'.
2024-08-31 19:29:22.332 +03:00 [INF] Executed action asp.netwebApiTask_8_24_2024_.Controllers.CartItemController.GetCartByID (asp.netwebApiTask(8-24-2024)) in 4.376ms
2024-08-31 19:29:22.334 +03:00 [INF] Request starting HTTP/2 GET https://localhost:7216/api/CartItem/getCartByID/1 - null null
2024-08-31 19:29:22.334 +03:00 [INF] Executed endpoint 'asp.netwebApiTask_8_24_2024_.Controllers.CartItemController.GetCartByID (asp.netwebApiTask(8-24-2024))'
2024-08-31 19:29:22.336 +03:00 [INF] CORS policy execution successful.
2024-08-31 19:29:22.337 +03:00 [INF] Request finished HTTP/2 GET https://localhost:7216/api/CartItem/getCartByID/1 - 200 null application/json; charset=utf-8 15.6735ms
2024-08-31 19:29:22.338 +03:00 [INF] Executing endpoint 'asp.netwebApiTask_8_24_2024_.Controllers.CartItemController.GetCartByID (asp.netwebApiTask(8-24-2024))'
2024-08-31 19:29:22.341 +03:00 [INF] Route matched with {action = "GetCartByID", controller = "CartItem"}. Executing controller action with signature Microsoft.AspNetCore.Mvc.IActionResult GetCartByID(Int32) on controller asp.netwebApiTask_8_24_2024_.Controllers.CartItemController (asp.netwebApiTask(8-24-2024)).
2024-08-31 19:29:22.343 +03:00 [INF] Executed DbCommand (1ms) [Parameters=[@__id_0='?' (DbType = Int32)], CommandType='"Text"', CommandTimeout='30']
SELECT [t].[CartID], [t0].[CartItemId], [t0].[CartId], [t0].[Quantity], [t0].[ProductId], [t0].[Price], [t0].[ProductName]
FROM (
    SELECT TOP(1) [c].[CartID]
    FROM [Carts] AS [c]
    WHERE [c].[UserID] = @__id_0
) AS [t]
OUTER APPLY (
    SELECT [c0].[CartItemID] AS [CartItemId], [t].[CartID] AS [CartId], [c0].[Quantity], [p].[ProductID] AS [ProductId], [p].[Price], [p].[ProductName]
    FROM [CartItems] AS [c0]
    LEFT JOIN [Product] AS [p] ON [c0].[ProductID] = [p].[ProductID]
    WHERE [t].[CartID] = [c0].[CartID]
) AS [t0]
ORDER BY [t].[CartID], [t0].[CartItemId]
2024-08-31 19:29:22.345 +03:00 [INF] Executing OkObjectResult, writing value of type 'System.Collections.Generic.List`1[[asp.netwebApiTask_8_24_2024_.DTOs.CartItemRequestDTO, asp.netwebApiTask(8-24-2024), Version=1.0.0.0, Culture=neutral, PublicKeyToken=null]]'.
2024-08-31 19:29:22.346 +03:00 [INF] Executed action asp.netwebApiTask_8_24_2024_.Controllers.CartItemController.GetCartByID (asp.netwebApiTask(8-24-2024)) in 4.3194ms
2024-08-31 19:29:22.346 +03:00 [INF] Executed endpoint 'asp.netwebApiTask_8_24_2024_.Controllers.CartItemController.GetCartByID (asp.netwebApiTask(8-24-2024))'
2024-08-31 19:29:22.347 +03:00 [INF] Request finished HTTP/2 GET https://localhost:7216/api/CartItem/getCartByID/1 - 200 null application/json; charset=utf-8 13.3765ms
2024-08-31 19:29:31.706 +03:00 [INF] Request starting HTTP/2 GET https://localhost:7216/api/CartItem/getCartByID/1 - null null
2024-08-31 19:29:31.708 +03:00 [INF] CORS policy execution successful.
2024-08-31 19:29:31.709 +03:00 [INF] Executing endpoint 'asp.netwebApiTask_8_24_2024_.Controllers.CartItemController.GetCartByID (asp.netwebApiTask(8-24-2024))'
2024-08-31 19:29:31.710 +03:00 [INF] Route matched with {action = "GetCartByID", controller = "CartItem"}. Executing controller action with signature Microsoft.AspNetCore.Mvc.IActionResult GetCartByID(Int32) on controller asp.netwebApiTask_8_24_2024_.Controllers.CartItemController (asp.netwebApiTask(8-24-2024)).
2024-08-31 19:29:31.714 +03:00 [INF] Executed DbCommand (1ms) [Parameters=[@__id_0='?' (DbType = Int32)], CommandType='"Text"', CommandTimeout='30']
SELECT [t].[CartID], [t0].[CartItemId], [t0].[CartId], [t0].[Quantity], [t0].[ProductId], [t0].[Price], [t0].[ProductName]
FROM (
    SELECT TOP(1) [c].[CartID]
    FROM [Carts] AS [c]
    WHERE [c].[UserID] = @__id_0
) AS [t]
OUTER APPLY (
    SELECT [c0].[CartItemID] AS [CartItemId], [t].[CartID] AS [CartId], [c0].[Quantity], [p].[ProductID] AS [ProductId], [p].[Price], [p].[ProductName]
    FROM [CartItems] AS [c0]
    LEFT JOIN [Product] AS [p] ON [c0].[ProductID] = [p].[ProductID]
    WHERE [t].[CartID] = [c0].[CartID]
) AS [t0]
ORDER BY [t].[CartID], [t0].[CartItemId]
2024-08-31 19:29:31.716 +03:00 [INF] Executing OkObjectResult, writing value of type 'System.Collections.Generic.List`1[[asp.netwebApiTask_8_24_2024_.DTOs.CartItemRequestDTO, asp.netwebApiTask(8-24-2024), Version=1.0.0.0, Culture=neutral, PublicKeyToken=null]]'.
2024-08-31 19:29:31.716 +03:00 [INF] Executed action asp.netwebApiTask_8_24_2024_.Controllers.CartItemController.GetCartByID (asp.netwebApiTask(8-24-2024)) in 4.8298ms
2024-08-31 19:29:31.717 +03:00 [INF] Executed endpoint 'asp.netwebApiTask_8_24_2024_.Controllers.CartItemController.GetCartByID (asp.netwebApiTask(8-24-2024))'
2024-08-31 19:29:31.719 +03:00 [INF] Request finished HTTP/2 GET https://localhost:7216/api/CartItem/getCartByID/1 - 200 null application/json; charset=utf-8 13.1123ms
2024-08-31 19:29:31.719 +03:00 [INF] Request starting HTTP/2 GET https://localhost:7216/api/CartItem/getCartByID/1 - null null
2024-08-31 19:29:31.721 +03:00 [INF] CORS policy execution successful.
2024-08-31 19:29:31.722 +03:00 [INF] Executing endpoint 'asp.netwebApiTask_8_24_2024_.Controllers.CartItemController.GetCartByID (asp.netwebApiTask(8-24-2024))'
2024-08-31 19:29:31.723 +03:00 [INF] Route matched with {action = "GetCartByID", controller = "CartItem"}. Executing controller action with signature Microsoft.AspNetCore.Mvc.IActionResult GetCartByID(Int32) on controller asp.netwebApiTask_8_24_2024_.Controllers.CartItemController (asp.netwebApiTask(8-24-2024)).
2024-08-31 19:29:31.725 +03:00 [INF] Executed DbCommand (1ms) [Parameters=[@__id_0='?' (DbType = Int32)], CommandType='"Text"', CommandTimeout='30']
SELECT [t].[CartID], [t0].[CartItemId], [t0].[CartId], [t0].[Quantity], [t0].[ProductId], [t0].[Price], [t0].[ProductName]
FROM (
    SELECT TOP(1) [c].[CartID]
    FROM [Carts] AS [c]
    WHERE [c].[UserID] = @__id_0
) AS [t]
OUTER APPLY (
    SELECT [c0].[CartItemID] AS [CartItemId], [t].[CartID] AS [CartId], [c0].[Quantity], [p].[ProductID] AS [ProductId], [p].[Price], [p].[ProductName]
    FROM [CartItems] AS [c0]
    LEFT JOIN [Product] AS [p] ON [c0].[ProductID] = [p].[ProductID]
    WHERE [t].[CartID] = [c0].[CartID]
) AS [t0]
ORDER BY [t].[CartID], [t0].[CartItemId]
2024-08-31 19:29:31.727 +03:00 [INF] Executing OkObjectResult, writing value of type 'System.Collections.Generic.List`1[[asp.netwebApiTask_8_24_2024_.DTOs.CartItemRequestDTO, asp.netwebApiTask(8-24-2024), Version=1.0.0.0, Culture=neutral, PublicKeyToken=null]]'.
2024-08-31 19:29:31.727 +03:00 [INF] Executed action asp.netwebApiTask_8_24_2024_.Controllers.CartItemController.GetCartByID (asp.netwebApiTask(8-24-2024)) in 3.9068ms
2024-08-31 19:29:31.728 +03:00 [INF] Executed endpoint 'asp.netwebApiTask_8_24_2024_.Controllers.CartItemController.GetCartByID (asp.netwebApiTask(8-24-2024))'
2024-08-31 19:29:31.729 +03:00 [INF] Request finished HTTP/2 GET https://localhost:7216/api/CartItem/getCartByID/1 - 200 null application/json; charset=utf-8 10.2371ms
2024-08-31 19:29:31.729 +03:00 [INF] Request starting HTTP/2 GET https://localhost:7216/api/CartItem/getCartByID/1 - null null
2024-08-31 19:29:31.731 +03:00 [INF] CORS policy execution successful.
2024-08-31 19:29:31.732 +03:00 [INF] Executing endpoint 'asp.netwebApiTask_8_24_2024_.Controllers.CartItemController.GetCartByID (asp.netwebApiTask(8-24-2024))'
2024-08-31 19:29:31.732 +03:00 [INF] Route matched with {action = "GetCartByID", controller = "CartItem"}. Executing controller action with signature Microsoft.AspNetCore.Mvc.IActionResult GetCartByID(Int32) on controller asp.netwebApiTask_8_24_2024_.Controllers.CartItemController (asp.netwebApiTask(8-24-2024)).
2024-08-31 19:29:31.735 +03:00 [INF] Executed DbCommand (1ms) [Parameters=[@__id_0='?' (DbType = Int32)], CommandType='"Text"', CommandTimeout='30']
SELECT [t].[CartID], [t0].[CartItemId], [t0].[CartId], [t0].[Quantity], [t0].[ProductId], [t0].[Price], [t0].[ProductName]
FROM (
    SELECT TOP(1) [c].[CartID]
    FROM [Carts] AS [c]
    WHERE [c].[UserID] = @__id_0
) AS [t]
OUTER APPLY (
    SELECT [c0].[CartItemID] AS [CartItemId], [t].[CartID] AS [CartId], [c0].[Quantity], [p].[ProductID] AS [ProductId], [p].[Price], [p].[ProductName]
    FROM [CartItems] AS [c0]
    LEFT JOIN [Product] AS [p] ON [c0].[ProductID] = [p].[ProductID]
    WHERE [t].[CartID] = [c0].[CartID]
) AS [t0]
ORDER BY [t].[CartID], [t0].[CartItemId]
2024-08-31 19:29:31.737 +03:00 [INF] Executing OkObjectResult, writing value of type 'System.Collections.Generic.List`1[[asp.netwebApiTask_8_24_2024_.DTOs.CartItemRequestDTO, asp.netwebApiTask(8-24-2024), Version=1.0.0.0, Culture=neutral, PublicKeyToken=null]]'.
2024-08-31 19:29:31.738 +03:00 [INF] Executed action asp.netwebApiTask_8_24_2024_.Controllers.CartItemController.GetCartByID (asp.netwebApiTask(8-24-2024)) in 4.1298ms
2024-08-31 19:29:31.739 +03:00 [INF] Request starting HTTP/2 GET https://localhost:7216/api/CartItem/getCartByID/1 - null null
2024-08-31 19:29:31.739 +03:00 [INF] Executed endpoint 'asp.netwebApiTask_8_24_2024_.Controllers.CartItemController.GetCartByID (asp.netwebApiTask(8-24-2024))'
2024-08-31 19:29:31.740 +03:00 [INF] CORS policy execution successful.
2024-08-31 19:29:31.742 +03:00 [INF] Request finished HTTP/2 GET https://localhost:7216/api/CartItem/getCartByID/1 - 200 null application/json; charset=utf-8 12.866ms
2024-08-31 19:29:31.742 +03:00 [INF] Executing endpoint 'asp.netwebApiTask_8_24_2024_.Controllers.CartItemController.GetCartByID (asp.netwebApiTask(8-24-2024))'
2024-08-31 19:29:31.745 +03:00 [INF] Route matched with {action = "GetCartByID", controller = "CartItem"}. Executing controller action with signature Microsoft.AspNetCore.Mvc.IActionResult GetCartByID(Int32) on controller asp.netwebApiTask_8_24_2024_.Controllers.CartItemController (asp.netwebApiTask(8-24-2024)).
2024-08-31 19:29:31.748 +03:00 [INF] Executed DbCommand (0ms) [Parameters=[@__id_0='?' (DbType = Int32)], CommandType='"Text"', CommandTimeout='30']
SELECT [t].[CartID], [t0].[CartItemId], [t0].[CartId], [t0].[Quantity], [t0].[ProductId], [t0].[Price], [t0].[ProductName]
FROM (
    SELECT TOP(1) [c].[CartID]
    FROM [Carts] AS [c]
    WHERE [c].[UserID] = @__id_0
) AS [t]
OUTER APPLY (
    SELECT [c0].[CartItemID] AS [CartItemId], [t].[CartID] AS [CartId], [c0].[Quantity], [p].[ProductID] AS [ProductId], [p].[Price], [p].[ProductName]
    FROM [CartItems] AS [c0]
    LEFT JOIN [Product] AS [p] ON [c0].[ProductID] = [p].[ProductID]
    WHERE [t].[CartID] = [c0].[CartID]
) AS [t0]
ORDER BY [t].[CartID], [t0].[CartItemId]
2024-08-31 19:29:31.751 +03:00 [INF] Executing OkObjectResult, writing value of type 'System.Collections.Generic.List`1[[asp.netwebApiTask_8_24_2024_.DTOs.CartItemRequestDTO, asp.netwebApiTask(8-24-2024), Version=1.0.0.0, Culture=neutral, PublicKeyToken=null]]'.
2024-08-31 19:29:31.753 +03:00 [INF] Executed action asp.netwebApiTask_8_24_2024_.Controllers.CartItemController.GetCartByID (asp.netwebApiTask(8-24-2024)) in 5.5291ms
2024-08-31 19:29:31.754 +03:00 [INF] Executed endpoint 'asp.netwebApiTask_8_24_2024_.Controllers.CartItemController.GetCartByID (asp.netwebApiTask(8-24-2024))'
2024-08-31 19:29:31.754 +03:00 [INF] Request starting HTTP/2 GET https://localhost:7216/api/CartItem/getCartByID/1 - null null
2024-08-31 19:29:31.755 +03:00 [INF] Request finished HTTP/2 GET https://localhost:7216/api/CartItem/getCartByID/1 - 200 null application/json; charset=utf-8 16.036ms
2024-08-31 19:29:31.756 +03:00 [INF] CORS policy execution successful.
2024-08-31 19:29:31.759 +03:00 [INF] Executing endpoint 'asp.netwebApiTask_8_24_2024_.Controllers.CartItemController.GetCartByID (asp.netwebApiTask(8-24-2024))'
2024-08-31 19:29:31.760 +03:00 [INF] Route matched with {action = "GetCartByID", controller = "CartItem"}. Executing controller action with signature Microsoft.AspNetCore.Mvc.IActionResult GetCartByID(Int32) on controller asp.netwebApiTask_8_24_2024_.Controllers.CartItemController (asp.netwebApiTask(8-24-2024)).
2024-08-31 19:29:31.762 +03:00 [INF] Executed DbCommand (0ms) [Parameters=[@__id_0='?' (DbType = Int32)], CommandType='"Text"', CommandTimeout='30']
SELECT [t].[CartID], [t0].[CartItemId], [t0].[CartId], [t0].[Quantity], [t0].[ProductId], [t0].[Price], [t0].[ProductName]
FROM (
    SELECT TOP(1) [c].[CartID]
    FROM [Carts] AS [c]
    WHERE [c].[UserID] = @__id_0
) AS [t]
OUTER APPLY (
    SELECT [c0].[CartItemID] AS [CartItemId], [t].[CartID] AS [CartId], [c0].[Quantity], [p].[ProductID] AS [ProductId], [p].[Price], [p].[ProductName]
    FROM [CartItems] AS [c0]
    LEFT JOIN [Product] AS [p] ON [c0].[ProductID] = [p].[ProductID]
    WHERE [t].[CartID] = [c0].[CartID]
) AS [t0]
ORDER BY [t].[CartID], [t0].[CartItemId]
2024-08-31 19:29:31.765 +03:00 [INF] Executing OkObjectResult, writing value of type 'System.Collections.Generic.List`1[[asp.netwebApiTask_8_24_2024_.DTOs.CartItemRequestDTO, asp.netwebApiTask(8-24-2024), Version=1.0.0.0, Culture=neutral, PublicKeyToken=null]]'.
2024-08-31 19:29:31.766 +03:00 [INF] Executed action asp.netwebApiTask_8_24_2024_.Controllers.CartItemController.GetCartByID (asp.netwebApiTask(8-24-2024)) in 4.6989ms
2024-08-31 19:29:31.766 +03:00 [INF] Executed endpoint 'asp.netwebApiTask_8_24_2024_.Controllers.CartItemController.GetCartByID (asp.netwebApiTask(8-24-2024))'
2024-08-31 19:29:31.767 +03:00 [INF] Request starting HTTP/2 GET https://localhost:7216/api/CartItem/getCartByID/1 - null null
2024-08-31 19:29:31.768 +03:00 [INF] Request finished HTTP/2 GET https://localhost:7216/api/CartItem/getCartByID/1 - 200 null application/json; charset=utf-8 13.9589ms
2024-08-31 19:29:31.769 +03:00 [INF] CORS policy execution successful.
2024-08-31 19:29:31.772 +03:00 [INF] Executing endpoint 'asp.netwebApiTask_8_24_2024_.Controllers.CartItemController.GetCartByID (asp.netwebApiTask(8-24-2024))'
2024-08-31 19:29:31.773 +03:00 [INF] Route matched with {action = "GetCartByID", controller = "CartItem"}. Executing controller action with signature Microsoft.AspNetCore.Mvc.IActionResult GetCartByID(Int32) on controller asp.netwebApiTask_8_24_2024_.Controllers.CartItemController (asp.netwebApiTask(8-24-2024)).
2024-08-31 19:29:31.775 +03:00 [INF] Executed DbCommand (0ms) [Parameters=[@__id_0='?' (DbType = Int32)], CommandType='"Text"', CommandTimeout='30']
SELECT [t].[CartID], [t0].[CartItemId], [t0].[CartId], [t0].[Quantity], [t0].[ProductId], [t0].[Price], [t0].[ProductName]
FROM (
    SELECT TOP(1) [c].[CartID]
    FROM [Carts] AS [c]
    WHERE [c].[UserID] = @__id_0
) AS [t]
OUTER APPLY (
    SELECT [c0].[CartItemID] AS [CartItemId], [t].[CartID] AS [CartId], [c0].[Quantity], [p].[ProductID] AS [ProductId], [p].[Price], [p].[ProductName]
    FROM [CartItems] AS [c0]
    LEFT JOIN [Product] AS [p] ON [c0].[ProductID] = [p].[ProductID]
    WHERE [t].[CartID] = [c0].[CartID]
) AS [t0]
ORDER BY [t].[CartID], [t0].[CartItemId]
2024-08-31 19:29:31.776 +03:00 [INF] Executing OkObjectResult, writing value of type 'System.Collections.Generic.List`1[[asp.netwebApiTask_8_24_2024_.DTOs.CartItemRequestDTO, asp.netwebApiTask(8-24-2024), Version=1.0.0.0, Culture=neutral, PublicKeyToken=null]]'.
2024-08-31 19:29:31.777 +03:00 [INF] Executed action asp.netwebApiTask_8_24_2024_.Controllers.CartItemController.GetCartByID (asp.netwebApiTask(8-24-2024)) in 3.0338ms
2024-08-31 19:29:31.778 +03:00 [INF] Executed endpoint 'asp.netwebApiTask_8_24_2024_.Controllers.CartItemController.GetCartByID (asp.netwebApiTask(8-24-2024))'
2024-08-31 19:29:31.778 +03:00 [INF] Request starting HTTP/2 GET https://localhost:7216/api/CartItem/getCartByID/1 - null null
2024-08-31 19:29:31.779 +03:00 [INF] Request finished HTTP/2 GET https://localhost:7216/api/CartItem/getCartByID/1 - 200 null application/json; charset=utf-8 12.3963ms
2024-08-31 19:29:31.780 +03:00 [INF] CORS policy execution successful.
2024-08-31 19:29:31.782 +03:00 [INF] Executing endpoint 'asp.netwebApiTask_8_24_2024_.Controllers.CartItemController.GetCartByID (asp.netwebApiTask(8-24-2024))'
2024-08-31 19:29:31.782 +03:00 [INF] Route matched with {action = "GetCartByID", controller = "CartItem"}. Executing controller action with signature Microsoft.AspNetCore.Mvc.IActionResult GetCartByID(Int32) on controller asp.netwebApiTask_8_24_2024_.Controllers.CartItemController (asp.netwebApiTask(8-24-2024)).
2024-08-31 19:29:31.785 +03:00 [INF] Executed DbCommand (0ms) [Parameters=[@__id_0='?' (DbType = Int32)], CommandType='"Text"', CommandTimeout='30']
SELECT [t].[CartID], [t0].[CartItemId], [t0].[CartId], [t0].[Quantity], [t0].[ProductId], [t0].[Price], [t0].[ProductName]
FROM (
    SELECT TOP(1) [c].[CartID]
    FROM [Carts] AS [c]
    WHERE [c].[UserID] = @__id_0
) AS [t]
OUTER APPLY (
    SELECT [c0].[CartItemID] AS [CartItemId], [t].[CartID] AS [CartId], [c0].[Quantity], [p].[ProductID] AS [ProductId], [p].[Price], [p].[ProductName]
    FROM [CartItems] AS [c0]
    LEFT JOIN [Product] AS [p] ON [c0].[ProductID] = [p].[ProductID]
    WHERE [t].[CartID] = [c0].[CartID]
) AS [t0]
ORDER BY [t].[CartID], [t0].[CartItemId]
2024-08-31 19:29:31.786 +03:00 [INF] Executing OkObjectResult, writing value of type 'System.Collections.Generic.List`1[[asp.netwebApiTask_8_24_2024_.DTOs.CartItemRequestDTO, asp.netwebApiTask(8-24-2024), Version=1.0.0.0, Culture=neutral, PublicKeyToken=null]]'.
2024-08-31 19:29:31.787 +03:00 [INF] Executed action asp.netwebApiTask_8_24_2024_.Controllers.CartItemController.GetCartByID (asp.netwebApiTask(8-24-2024)) in 3.1163ms
2024-08-31 19:29:31.787 +03:00 [INF] Executed endpoint 'asp.netwebApiTask_8_24_2024_.Controllers.CartItemController.GetCartByID (asp.netwebApiTask(8-24-2024))'
2024-08-31 19:29:31.788 +03:00 [INF] Request finished HTTP/2 GET https://localhost:7216/api/CartItem/getCartByID/1 - 200 null application/json; charset=utf-8 10.1164ms
