2024-08-31 20:04:03.335 +03:00 [INF] Request starting HTTP/2 GET https://localhost:7216/api/CartItem/getCartByID/1 - null null
2024-08-31 20:04:03.344 +03:00 [INF] CORS policy execution successful.
2024-08-31 20:04:03.347 +03:00 [INF] Executing endpoint 'asp.netwebApiTask_8_24_2024_.Controllers.CartItemController.GetCartByID (asp.netwebApiTask(8-24-2024))'
2024-08-31 20:04:03.348 +03:00 [INF] Route matched with {action = "GetCartByID", controller = "CartItem"}. Executing controller action with signature Microsoft.AspNetCore.Mvc.IActionResult GetCartByID(Int32) on controller asp.netwebApiTask_8_24_2024_.Controllers.CartItemController (asp.netwebApiTask(8-24-2024)).
2024-08-31 20:04:03.352 +03:00 [INF] Executed DbCommand (1ms) [Parameters=[@__id_0='?' (DbType = Int32)], CommandType='"Text"', CommandTimeout='30']
SELECT [t].[CartID], [t0].[CartItemId], [t0].[CartId], [t0].[Quantity], [t0].[ProductId], [t0].[Price], [t0].[ProductName]
FROM (
    SELECT TOP(1) [c].[CartID]
    FROM [Carts] AS [c]
    WHERE [c].[UserID] = @__id_0
) AS [t]
OUTER APPLY (
    SELECT [c0].[CartItemID] AS [CartItemId], [t].[CartID] AS [CartId], [c0].[Quantity], [p].[ProductID] AS [ProductId], [p].[Price], [p].[ProductName]
    FROM [CartItems] AS [c0]
    LEFT JOIN [Product] AS [p] ON [c0].[ProductID] = [p].[ProductID]
    WHERE [t].[CartID] = [c0].[CartID]
) AS [t0]
ORDER BY [t].[CartID], [t0].[CartItemId]
2024-08-31 20:04:03.354 +03:00 [INF] Executing OkObjectResult, writing value of type 'System.Collections.Generic.List`1[[asp.netwebApiTask_8_24_2024_.DTOs.CartItemRequestDTO, asp.netwebApiTask(8-24-2024), Version=1.0.0.0, Culture=neutral, PublicKeyToken=null]]'.
2024-08-31 20:04:03.355 +03:00 [INF] Executed action asp.netwebApiTask_8_24_2024_.Controllers.CartItemController.GetCartByID (asp.netwebApiTask(8-24-2024)) in 4.5325ms
2024-08-31 20:04:03.356 +03:00 [INF] Executed endpoint 'asp.netwebApiTask_8_24_2024_.Controllers.CartItemController.GetCartByID (asp.netwebApiTask(8-24-2024))'
2024-08-31 20:04:03.356 +03:00 [INF] Request finished HTTP/2 GET https://localhost:7216/api/CartItem/getCartByID/1 - 200 null application/json; charset=utf-8 21.1376ms
2024-08-31 20:04:10.789 +03:00 [INF] Request starting HTTP/2 GET https://localhost:7216/api/CartItem/getCartByID/1 - null null
2024-08-31 20:04:10.791 +03:00 [INF] CORS policy execution successful.
2024-08-31 20:04:10.791 +03:00 [INF] Executing endpoint 'asp.netwebApiTask_8_24_2024_.Controllers.CartItemController.GetCartByID (asp.netwebApiTask(8-24-2024))'
2024-08-31 20:04:10.793 +03:00 [INF] Route matched with {action = "GetCartByID", controller = "CartItem"}. Executing controller action with signature Microsoft.AspNetCore.Mvc.IActionResult GetCartByID(Int32) on controller asp.netwebApiTask_8_24_2024_.Controllers.CartItemController (asp.netwebApiTask(8-24-2024)).
2024-08-31 20:04:10.796 +03:00 [INF] Executed DbCommand (1ms) [Parameters=[@__id_0='?' (DbType = Int32)], CommandType='"Text"', CommandTimeout='30']
SELECT [t].[CartID], [t0].[CartItemId], [t0].[CartId], [t0].[Quantity], [t0].[ProductId], [t0].[Price], [t0].[ProductName]
FROM (
    SELECT TOP(1) [c].[CartID]
    FROM [Carts] AS [c]
    WHERE [c].[UserID] = @__id_0
) AS [t]
OUTER APPLY (
    SELECT [c0].[CartItemID] AS [CartItemId], [t].[CartID] AS [CartId], [c0].[Quantity], [p].[ProductID] AS [ProductId], [p].[Price], [p].[ProductName]
    FROM [CartItems] AS [c0]
    LEFT JOIN [Product] AS [p] ON [c0].[ProductID] = [p].[ProductID]
    WHERE [t].[CartID] = [c0].[CartID]
) AS [t0]
ORDER BY [t].[CartID], [t0].[CartItemId]
2024-08-31 20:04:10.797 +03:00 [INF] Executing OkObjectResult, writing value of type 'System.Collections.Generic.List`1[[asp.netwebApiTask_8_24_2024_.DTOs.CartItemRequestDTO, asp.netwebApiTask(8-24-2024), Version=1.0.0.0, Culture=neutral, PublicKeyToken=null]]'.
2024-08-31 20:04:10.799 +03:00 [INF] Executed action asp.netwebApiTask_8_24_2024_.Controllers.CartItemController.GetCartByID (asp.netwebApiTask(8-24-2024)) in 4.5097ms
2024-08-31 20:04:10.800 +03:00 [INF] Executed endpoint 'asp.netwebApiTask_8_24_2024_.Controllers.CartItemController.GetCartByID (asp.netwebApiTask(8-24-2024))'
2024-08-31 20:04:10.804 +03:00 [INF] Request finished HTTP/2 GET https://localhost:7216/api/CartItem/getCartByID/1 - 200 null application/json; charset=utf-8 15.0444ms
2024-08-31 20:04:14.884 +03:00 [INF] Request starting HTTP/2 GET https://localhost:7216/api/CartItem/getCartByID/1 - null null
2024-08-31 20:04:14.887 +03:00 [INF] CORS policy execution successful.
2024-08-31 20:04:14.887 +03:00 [INF] Executing endpoint 'asp.netwebApiTask_8_24_2024_.Controllers.CartItemController.GetCartByID (asp.netwebApiTask(8-24-2024))'
2024-08-31 20:04:14.888 +03:00 [INF] Route matched with {action = "GetCartByID", controller = "CartItem"}. Executing controller action with signature Microsoft.AspNetCore.Mvc.IActionResult GetCartByID(Int32) on controller asp.netwebApiTask_8_24_2024_.Controllers.CartItemController (asp.netwebApiTask(8-24-2024)).
2024-08-31 20:04:14.892 +03:00 [INF] Executed DbCommand (1ms) [Parameters=[@__id_0='?' (DbType = Int32)], CommandType='"Text"', CommandTimeout='30']
SELECT [t].[CartID], [t0].[CartItemId], [t0].[CartId], [t0].[Quantity], [t0].[ProductId], [t0].[Price], [t0].[ProductName]
FROM (
    SELECT TOP(1) [c].[CartID]
    FROM [Carts] AS [c]
    WHERE [c].[UserID] = @__id_0
) AS [t]
OUTER APPLY (
    SELECT [c0].[CartItemID] AS [CartItemId], [t].[CartID] AS [CartId], [c0].[Quantity], [p].[ProductID] AS [ProductId], [p].[Price], [p].[ProductName]
    FROM [CartItems] AS [c0]
    LEFT JOIN [Product] AS [p] ON [c0].[ProductID] = [p].[ProductID]
    WHERE [t].[CartID] = [c0].[CartID]
) AS [t0]
ORDER BY [t].[CartID], [t0].[CartItemId]
2024-08-31 20:04:14.894 +03:00 [INF] Executing OkObjectResult, writing value of type 'System.Collections.Generic.List`1[[asp.netwebApiTask_8_24_2024_.DTOs.CartItemRequestDTO, asp.netwebApiTask(8-24-2024), Version=1.0.0.0, Culture=neutral, PublicKeyToken=null]]'.
2024-08-31 20:04:14.894 +03:00 [INF] Executed action asp.netwebApiTask_8_24_2024_.Controllers.CartItemController.GetCartByID (asp.netwebApiTask(8-24-2024)) in 5.253ms
2024-08-31 20:04:14.898 +03:00 [INF] Executed endpoint 'asp.netwebApiTask_8_24_2024_.Controllers.CartItemController.GetCartByID (asp.netwebApiTask(8-24-2024))'
2024-08-31 20:04:14.899 +03:00 [INF] Request finished HTTP/2 GET https://localhost:7216/api/CartItem/getCartByID/1 - 200 null application/json; charset=utf-8 14.7751ms
2024-08-31 20:04:17.566 +03:00 [INF] Request starting HTTP/2 GET https://localhost:7216/api/CartItem/getCartByID/1 - null null
2024-08-31 20:04:17.569 +03:00 [INF] CORS policy execution successful.
2024-08-31 20:04:17.569 +03:00 [INF] Executing endpoint 'asp.netwebApiTask_8_24_2024_.Controllers.CartItemController.GetCartByID (asp.netwebApiTask(8-24-2024))'
2024-08-31 20:04:17.570 +03:00 [INF] Route matched with {action = "GetCartByID", controller = "CartItem"}. Executing controller action with signature Microsoft.AspNetCore.Mvc.IActionResult GetCartByID(Int32) on controller asp.netwebApiTask_8_24_2024_.Controllers.CartItemController (asp.netwebApiTask(8-24-2024)).
2024-08-31 20:04:17.573 +03:00 [INF] Executed DbCommand (1ms) [Parameters=[@__id_0='?' (DbType = Int32)], CommandType='"Text"', CommandTimeout='30']
SELECT [t].[CartID], [t0].[CartItemId], [t0].[CartId], [t0].[Quantity], [t0].[ProductId], [t0].[Price], [t0].[ProductName]
FROM (
    SELECT TOP(1) [c].[CartID]
    FROM [Carts] AS [c]
    WHERE [c].[UserID] = @__id_0
) AS [t]
OUTER APPLY (
    SELECT [c0].[CartItemID] AS [CartItemId], [t].[CartID] AS [CartId], [c0].[Quantity], [p].[ProductID] AS [ProductId], [p].[Price], [p].[ProductName]
    FROM [CartItems] AS [c0]
    LEFT JOIN [Product] AS [p] ON [c0].[ProductID] = [p].[ProductID]
    WHERE [t].[CartID] = [c0].[CartID]
) AS [t0]
ORDER BY [t].[CartID], [t0].[CartItemId]
2024-08-31 20:04:17.575 +03:00 [INF] Executing OkObjectResult, writing value of type 'System.Collections.Generic.List`1[[asp.netwebApiTask_8_24_2024_.DTOs.CartItemRequestDTO, asp.netwebApiTask(8-24-2024), Version=1.0.0.0, Culture=neutral, PublicKeyToken=null]]'.
2024-08-31 20:04:17.576 +03:00 [INF] Executed action asp.netwebApiTask_8_24_2024_.Controllers.CartItemController.GetCartByID (asp.netwebApiTask(8-24-2024)) in 4.4306ms
2024-08-31 20:04:17.577 +03:00 [INF] Executed endpoint 'asp.netwebApiTask_8_24_2024_.Controllers.CartItemController.GetCartByID (asp.netwebApiTask(8-24-2024))'
2024-08-31 20:04:17.577 +03:00 [INF] Request finished HTTP/2 GET https://localhost:7216/api/CartItem/getCartByID/1 - 200 null application/json; charset=utf-8 11.4279ms
2024-08-31 20:04:25.292 +03:00 [INF] Request starting HTTP/2 OPTIONS https://localhost:7216/api/CartItem/UpdateCartItemQuantity/5 - null null
2024-08-31 20:04:25.294 +03:00 [INF] CORS policy execution successful.
2024-08-31 20:04:25.295 +03:00 [INF] Request finished HTTP/2 OPTIONS https://localhost:7216/api/CartItem/UpdateCartItemQuantity/5 - 204 null null 3.4076ms
2024-08-31 20:04:25.297 +03:00 [INF] Request starting HTTP/2 PUT https://localhost:7216/api/CartItem/UpdateCartItemQuantity/5 - application/json 4
2024-08-31 20:04:25.300 +03:00 [INF] CORS policy execution successful.
2024-08-31 20:04:25.300 +03:00 [INF] Executing endpoint 'asp.netwebApiTask_8_24_2024_.Controllers.CartItemController.UpdateCartItemQuantity (asp.netwebApiTask(8-24-2024))'
2024-08-31 20:04:25.301 +03:00 [INF] Route matched with {action = "UpdateCartItemQuantity", controller = "CartItem"}. Executing controller action with signature Microsoft.AspNetCore.Mvc.IActionResult UpdateCartItemQuantity(Int32, Int32) on controller asp.netwebApiTask_8_24_2024_.Controllers.CartItemController (asp.netwebApiTask(8-24-2024)).
2024-08-31 20:04:25.313 +03:00 [INF] Executed DbCommand (5ms) [Parameters=[@__p_0='?' (DbType = Int32)], CommandType='"Text"', CommandTimeout='30']
SELECT TOP(1) [c].[CartItemID], [c].[CartID], [c].[ProductID], [c].[Quantity]
FROM [CartItems] AS [c]
WHERE [c].[CartItemID] = @__p_0
2024-08-31 20:04:25.317 +03:00 [INF] Executed DbCommand (2ms) [Parameters=[@p1='?' (DbType = Int32), @p0='?' (DbType = Int32)], CommandType='"Text"', CommandTimeout='30']
SET IMPLICIT_TRANSACTIONS OFF;
SET NOCOUNT ON;
UPDATE [CartItems] SET [Quantity] = @p0
OUTPUT 1
WHERE [CartItemID] = @p1;
2024-08-31 20:04:25.319 +03:00 [INF] Executing OkObjectResult, writing value of type 'asp.netwebApiTask_8_24_2024_.Models.CartItem'.
2024-08-31 20:04:25.320 +03:00 [INF] Executed action asp.netwebApiTask_8_24_2024_.Controllers.CartItemController.UpdateCartItemQuantity (asp.netwebApiTask(8-24-2024)) in 14.3305ms
2024-08-31 20:04:25.321 +03:00 [INF] Executed endpoint 'asp.netwebApiTask_8_24_2024_.Controllers.CartItemController.UpdateCartItemQuantity (asp.netwebApiTask(8-24-2024))'
2024-08-31 20:04:25.322 +03:00 [INF] Request finished HTTP/2 PUT https://localhost:7216/api/CartItem/UpdateCartItemQuantity/5 - 200 null application/json; charset=utf-8 24.5394ms
