2024-08-31 19:54:11.478 +03:00 [INF] Request starting HTTP/2 GET https://localhost:7216/api/CartItem/getCartByID/1 - null null
2024-08-31 19:54:11.486 +03:00 [INF] CORS policy execution successful.
2024-08-31 19:54:11.492 +03:00 [INF] Executing endpoint 'asp.netwebApiTask_8_24_2024_.Controllers.CartItemController.GetCartByID (asp.netwebApiTask(8-24-2024))'
2024-08-31 19:54:11.492 +03:00 [INF] Route matched with {action = "GetCartByID", controller = "CartItem"}. Executing controller action with signature Microsoft.AspNetCore.Mvc.IActionResult GetCartByID(Int32) on controller asp.netwebApiTask_8_24_2024_.Controllers.CartItemController (asp.netwebApiTask(8-24-2024)).
2024-08-31 19:54:11.497 +03:00 [INF] Executed DbCommand (2ms) [Parameters=[@__id_0='?' (DbType = Int32)], CommandType='"Text"', CommandTimeout='30']
SELECT [t].[CartID], [t0].[CartItemId], [t0].[CartId], [t0].[Quantity], [t0].[ProductId], [t0].[Price], [t0].[ProductName]
FROM (
    SELECT TOP(1) [c].[CartID]
    FROM [Carts] AS [c]
    WHERE [c].[UserID] = @__id_0
) AS [t]
OUTER APPLY (
    SELECT [c0].[CartItemID] AS [CartItemId], [t].[CartID] AS [CartId], [c0].[Quantity], [p].[ProductID] AS [ProductId], [p].[Price], [p].[ProductName]
    FROM [CartItems] AS [c0]
    LEFT JOIN [Product] AS [p] ON [c0].[ProductID] = [p].[ProductID]
    WHERE [t].[CartID] = [c0].[CartID]
) AS [t0]
ORDER BY [t].[CartID], [t0].[CartItemId]
2024-08-31 19:54:11.499 +03:00 [INF] Executing OkObjectResult, writing value of type 'System.Collections.Generic.List`1[[asp.netwebApiTask_8_24_2024_.DTOs.CartItemRequestDTO, asp.netwebApiTask(8-24-2024), Version=1.0.0.0, Culture=neutral, PublicKeyToken=null]]'.
2024-08-31 19:54:11.500 +03:00 [INF] Executed action asp.netwebApiTask_8_24_2024_.Controllers.CartItemController.GetCartByID (asp.netwebApiTask(8-24-2024)) in 5.7806ms
2024-08-31 19:54:11.501 +03:00 [INF] Executed endpoint 'asp.netwebApiTask_8_24_2024_.Controllers.CartItemController.GetCartByID (asp.netwebApiTask(8-24-2024))'
2024-08-31 19:54:11.501 +03:00 [INF] Request starting HTTP/2 GET https://localhost:7216/api/CartItem/getCartByID/1 - null null
2024-08-31 19:54:11.502 +03:00 [INF] Request finished HTTP/2 GET https://localhost:7216/api/CartItem/getCartByID/1 - 200 null application/json; charset=utf-8 23.992ms
2024-08-31 19:54:11.503 +03:00 [INF] CORS policy execution successful.
2024-08-31 19:54:11.506 +03:00 [INF] Executing endpoint 'asp.netwebApiTask_8_24_2024_.Controllers.CartItemController.GetCartByID (asp.netwebApiTask(8-24-2024))'
2024-08-31 19:54:11.507 +03:00 [INF] Route matched with {action = "GetCartByID", controller = "CartItem"}. Executing controller action with signature Microsoft.AspNetCore.Mvc.IActionResult GetCartByID(Int32) on controller asp.netwebApiTask_8_24_2024_.Controllers.CartItemController (asp.netwebApiTask(8-24-2024)).
2024-08-31 19:54:11.510 +03:00 [INF] Executed DbCommand (1ms) [Parameters=[@__id_0='?' (DbType = Int32)], CommandType='"Text"', CommandTimeout='30']
SELECT [t].[CartID], [t0].[CartItemId], [t0].[CartId], [t0].[Quantity], [t0].[ProductId], [t0].[Price], [t0].[ProductName]
FROM (
    SELECT TOP(1) [c].[CartID]
    FROM [Carts] AS [c]
    WHERE [c].[UserID] = @__id_0
) AS [t]
OUTER APPLY (
    SELECT [c0].[CartItemID] AS [CartItemId], [t].[CartID] AS [CartId], [c0].[Quantity], [p].[ProductID] AS [ProductId], [p].[Price], [p].[ProductName]
    FROM [CartItems] AS [c0]
    LEFT JOIN [Product] AS [p] ON [c0].[ProductID] = [p].[ProductID]
    WHERE [t].[CartID] = [c0].[CartID]
) AS [t0]
ORDER BY [t].[CartID], [t0].[CartItemId]
2024-08-31 19:54:11.511 +03:00 [INF] Executing OkObjectResult, writing value of type 'System.Collections.Generic.List`1[[asp.netwebApiTask_8_24_2024_.DTOs.CartItemRequestDTO, asp.netwebApiTask(8-24-2024), Version=1.0.0.0, Culture=neutral, PublicKeyToken=null]]'.
2024-08-31 19:54:11.512 +03:00 [INF] Executed action asp.netwebApiTask_8_24_2024_.Controllers.CartItemController.GetCartByID (asp.netwebApiTask(8-24-2024)) in 3.9743ms
2024-08-31 19:54:11.513 +03:00 [INF] Executed endpoint 'asp.netwebApiTask_8_24_2024_.Controllers.CartItemController.GetCartByID (asp.netwebApiTask(8-24-2024))'
2024-08-31 19:54:11.513 +03:00 [INF] Request finished HTTP/2 GET https://localhost:7216/api/CartItem/getCartByID/1 - 200 null application/json; charset=utf-8 12.529ms
2024-08-31 19:54:15.988 +03:00 [INF] Request starting HTTP/2 GET https://localhost:7216/api/CartItem/getCartByID/1 - null null
2024-08-31 19:54:15.990 +03:00 [INF] CORS policy execution successful.
2024-08-31 19:54:15.991 +03:00 [INF] Executing endpoint 'asp.netwebApiTask_8_24_2024_.Controllers.CartItemController.GetCartByID (asp.netwebApiTask(8-24-2024))'
2024-08-31 19:54:15.992 +03:00 [INF] Route matched with {action = "GetCartByID", controller = "CartItem"}. Executing controller action with signature Microsoft.AspNetCore.Mvc.IActionResult GetCartByID(Int32) on controller asp.netwebApiTask_8_24_2024_.Controllers.CartItemController (asp.netwebApiTask(8-24-2024)).
2024-08-31 19:54:15.995 +03:00 [INF] Executed DbCommand (0ms) [Parameters=[@__id_0='?' (DbType = Int32)], CommandType='"Text"', CommandTimeout='30']
SELECT [t].[CartID], [t0].[CartItemId], [t0].[CartId], [t0].[Quantity], [t0].[ProductId], [t0].[Price], [t0].[ProductName]
FROM (
    SELECT TOP(1) [c].[CartID]
    FROM [Carts] AS [c]
    WHERE [c].[UserID] = @__id_0
) AS [t]
OUTER APPLY (
    SELECT [c0].[CartItemID] AS [CartItemId], [t].[CartID] AS [CartId], [c0].[Quantity], [p].[ProductID] AS [ProductId], [p].[Price], [p].[ProductName]
    FROM [CartItems] AS [c0]
    LEFT JOIN [Product] AS [p] ON [c0].[ProductID] = [p].[ProductID]
    WHERE [t].[CartID] = [c0].[CartID]
) AS [t0]
ORDER BY [t].[CartID], [t0].[CartItemId]
2024-08-31 19:54:15.998 +03:00 [INF] Executing OkObjectResult, writing value of type 'System.Collections.Generic.List`1[[asp.netwebApiTask_8_24_2024_.DTOs.CartItemRequestDTO, asp.netwebApiTask(8-24-2024), Version=1.0.0.0, Culture=neutral, PublicKeyToken=null]]'.
2024-08-31 19:54:15.999 +03:00 [INF] Executed action asp.netwebApiTask_8_24_2024_.Controllers.CartItemController.GetCartByID (asp.netwebApiTask(8-24-2024)) in 5.3208ms
2024-08-31 19:54:16.000 +03:00 [INF] Executed endpoint 'asp.netwebApiTask_8_24_2024_.Controllers.CartItemController.GetCartByID (asp.netwebApiTask(8-24-2024))'
2024-08-31 19:54:16.001 +03:00 [INF] Request finished HTTP/2 GET https://localhost:7216/api/CartItem/getCartByID/1 - 200 null application/json; charset=utf-8 13.8529ms
2024-08-31 19:54:16.018 +03:00 [INF] Request starting HTTP/2 GET https://localhost:7216/api/CartItem/getCartByID/1 - null null
2024-08-31 19:54:16.020 +03:00 [INF] CORS policy execution successful.
2024-08-31 19:54:16.021 +03:00 [INF] Executing endpoint 'asp.netwebApiTask_8_24_2024_.Controllers.CartItemController.GetCartByID (asp.netwebApiTask(8-24-2024))'
2024-08-31 19:54:16.022 +03:00 [INF] Route matched with {action = "GetCartByID", controller = "CartItem"}. Executing controller action with signature Microsoft.AspNetCore.Mvc.IActionResult GetCartByID(Int32) on controller asp.netwebApiTask_8_24_2024_.Controllers.CartItemController (asp.netwebApiTask(8-24-2024)).
2024-08-31 19:54:16.024 +03:00 [INF] Executed DbCommand (0ms) [Parameters=[@__id_0='?' (DbType = Int32)], CommandType='"Text"', CommandTimeout='30']
SELECT [t].[CartID], [t0].[CartItemId], [t0].[CartId], [t0].[Quantity], [t0].[ProductId], [t0].[Price], [t0].[ProductName]
FROM (
    SELECT TOP(1) [c].[CartID]
    FROM [Carts] AS [c]
    WHERE [c].[UserID] = @__id_0
) AS [t]
OUTER APPLY (
    SELECT [c0].[CartItemID] AS [CartItemId], [t].[CartID] AS [CartId], [c0].[Quantity], [p].[ProductID] AS [ProductId], [p].[Price], [p].[ProductName]
    FROM [CartItems] AS [c0]
    LEFT JOIN [Product] AS [p] ON [c0].[ProductID] = [p].[ProductID]
    WHERE [t].[CartID] = [c0].[CartID]
) AS [t0]
ORDER BY [t].[CartID], [t0].[CartItemId]
2024-08-31 19:54:16.026 +03:00 [INF] Executing OkObjectResult, writing value of type 'System.Collections.Generic.List`1[[asp.netwebApiTask_8_24_2024_.DTOs.CartItemRequestDTO, asp.netwebApiTask(8-24-2024), Version=1.0.0.0, Culture=neutral, PublicKeyToken=null]]'.
2024-08-31 19:54:16.027 +03:00 [INF] Executed action asp.netwebApiTask_8_24_2024_.Controllers.CartItemController.GetCartByID (asp.netwebApiTask(8-24-2024)) in 4.5073ms
2024-08-31 19:54:16.028 +03:00 [INF] Executed endpoint 'asp.netwebApiTask_8_24_2024_.Controllers.CartItemController.GetCartByID (asp.netwebApiTask(8-24-2024))'
2024-08-31 19:54:16.029 +03:00 [INF] Request finished HTTP/2 GET https://localhost:7216/api/CartItem/getCartByID/1 - 200 null application/json; charset=utf-8 10.5008ms
2024-08-31 19:54:20.186 +03:00 [INF] Request starting HTTP/2 GET https://localhost:7216/api/CartItem/getCartByID/1 - null null
2024-08-31 19:54:20.190 +03:00 [INF] CORS policy execution successful.
2024-08-31 19:54:20.191 +03:00 [INF] Executing endpoint 'asp.netwebApiTask_8_24_2024_.Controllers.CartItemController.GetCartByID (asp.netwebApiTask(8-24-2024))'
2024-08-31 19:54:20.191 +03:00 [INF] Route matched with {action = "GetCartByID", controller = "CartItem"}. Executing controller action with signature Microsoft.AspNetCore.Mvc.IActionResult GetCartByID(Int32) on controller asp.netwebApiTask_8_24_2024_.Controllers.CartItemController (asp.netwebApiTask(8-24-2024)).
2024-08-31 19:54:20.195 +03:00 [INF] Executed DbCommand (1ms) [Parameters=[@__id_0='?' (DbType = Int32)], CommandType='"Text"', CommandTimeout='30']
SELECT [t].[CartID], [t0].[CartItemId], [t0].[CartId], [t0].[Quantity], [t0].[ProductId], [t0].[Price], [t0].[ProductName]
FROM (
    SELECT TOP(1) [c].[CartID]
    FROM [Carts] AS [c]
    WHERE [c].[UserID] = @__id_0
) AS [t]
OUTER APPLY (
    SELECT [c0].[CartItemID] AS [CartItemId], [t].[CartID] AS [CartId], [c0].[Quantity], [p].[ProductID] AS [ProductId], [p].[Price], [p].[ProductName]
    FROM [CartItems] AS [c0]
    LEFT JOIN [Product] AS [p] ON [c0].[ProductID] = [p].[ProductID]
    WHERE [t].[CartID] = [c0].[CartID]
) AS [t0]
ORDER BY [t].[CartID], [t0].[CartItemId]
2024-08-31 19:54:20.197 +03:00 [INF] Executing OkObjectResult, writing value of type 'System.Collections.Generic.List`1[[asp.netwebApiTask_8_24_2024_.DTOs.CartItemRequestDTO, asp.netwebApiTask(8-24-2024), Version=1.0.0.0, Culture=neutral, PublicKeyToken=null]]'.
2024-08-31 19:54:20.199 +03:00 [INF] Executed action asp.netwebApiTask_8_24_2024_.Controllers.CartItemController.GetCartByID (asp.netwebApiTask(8-24-2024)) in 5.6053ms
2024-08-31 19:54:20.200 +03:00 [INF] Executed endpoint 'asp.netwebApiTask_8_24_2024_.Controllers.CartItemController.GetCartByID (asp.netwebApiTask(8-24-2024))'
2024-08-31 19:54:20.201 +03:00 [INF] Request finished HTTP/2 GET https://localhost:7216/api/CartItem/getCartByID/1 - 200 null application/json; charset=utf-8 15.5784ms
2024-08-31 19:54:20.204 +03:00 [INF] Request starting HTTP/2 GET https://localhost:7216/api/CartItem/getCartByID/1 - null null
2024-08-31 19:54:20.207 +03:00 [INF] CORS policy execution successful.
2024-08-31 19:54:20.208 +03:00 [INF] Executing endpoint 'asp.netwebApiTask_8_24_2024_.Controllers.CartItemController.GetCartByID (asp.netwebApiTask(8-24-2024))'
2024-08-31 19:54:20.208 +03:00 [INF] Route matched with {action = "GetCartByID", controller = "CartItem"}. Executing controller action with signature Microsoft.AspNetCore.Mvc.IActionResult GetCartByID(Int32) on controller asp.netwebApiTask_8_24_2024_.Controllers.CartItemController (asp.netwebApiTask(8-24-2024)).
2024-08-31 19:54:20.210 +03:00 [INF] Executed DbCommand (0ms) [Parameters=[@__id_0='?' (DbType = Int32)], CommandType='"Text"', CommandTimeout='30']
SELECT [t].[CartID], [t0].[CartItemId], [t0].[CartId], [t0].[Quantity], [t0].[ProductId], [t0].[Price], [t0].[ProductName]
FROM (
    SELECT TOP(1) [c].[CartID]
    FROM [Carts] AS [c]
    WHERE [c].[UserID] = @__id_0
) AS [t]
OUTER APPLY (
    SELECT [c0].[CartItemID] AS [CartItemId], [t].[CartID] AS [CartId], [c0].[Quantity], [p].[ProductID] AS [ProductId], [p].[Price], [p].[ProductName]
    FROM [CartItems] AS [c0]
    LEFT JOIN [Product] AS [p] ON [c0].[ProductID] = [p].[ProductID]
    WHERE [t].[CartID] = [c0].[CartID]
) AS [t0]
ORDER BY [t].[CartID], [t0].[CartItemId]
2024-08-31 19:54:20.212 +03:00 [INF] Executing OkObjectResult, writing value of type 'System.Collections.Generic.List`1[[asp.netwebApiTask_8_24_2024_.DTOs.CartItemRequestDTO, asp.netwebApiTask(8-24-2024), Version=1.0.0.0, Culture=neutral, PublicKeyToken=null]]'.
2024-08-31 19:54:20.213 +03:00 [INF] Executed action asp.netwebApiTask_8_24_2024_.Controllers.CartItemController.GetCartByID (asp.netwebApiTask(8-24-2024)) in 3.6776ms
2024-08-31 19:54:20.214 +03:00 [INF] Executed endpoint 'asp.netwebApiTask_8_24_2024_.Controllers.CartItemController.GetCartByID (asp.netwebApiTask(8-24-2024))'
2024-08-31 19:54:20.215 +03:00 [INF] Request finished HTTP/2 GET https://localhost:7216/api/CartItem/getCartByID/1 - 200 null application/json; charset=utf-8 10.1778ms
2024-08-31 19:54:22.337 +03:00 [INF] Request starting HTTP/2 GET https://localhost:7216/api/CartItem/getCartByID/1 - null null
2024-08-31 19:54:22.340 +03:00 [INF] CORS policy execution successful.
2024-08-31 19:54:22.341 +03:00 [INF] Executing endpoint 'asp.netwebApiTask_8_24_2024_.Controllers.CartItemController.GetCartByID (asp.netwebApiTask(8-24-2024))'
2024-08-31 19:54:22.342 +03:00 [INF] Route matched with {action = "GetCartByID", controller = "CartItem"}. Executing controller action with signature Microsoft.AspNetCore.Mvc.IActionResult GetCartByID(Int32) on controller asp.netwebApiTask_8_24_2024_.Controllers.CartItemController (asp.netwebApiTask(8-24-2024)).
2024-08-31 19:54:22.346 +03:00 [INF] Executed DbCommand (1ms) [Parameters=[@__id_0='?' (DbType = Int32)], CommandType='"Text"', CommandTimeout='30']
SELECT [t].[CartID], [t0].[CartItemId], [t0].[CartId], [t0].[Quantity], [t0].[ProductId], [t0].[Price], [t0].[ProductName]
FROM (
    SELECT TOP(1) [c].[CartID]
    FROM [Carts] AS [c]
    WHERE [c].[UserID] = @__id_0
) AS [t]
OUTER APPLY (
    SELECT [c0].[CartItemID] AS [CartItemId], [t].[CartID] AS [CartId], [c0].[Quantity], [p].[ProductID] AS [ProductId], [p].[Price], [p].[ProductName]
    FROM [CartItems] AS [c0]
    LEFT JOIN [Product] AS [p] ON [c0].[ProductID] = [p].[ProductID]
    WHERE [t].[CartID] = [c0].[CartID]
) AS [t0]
ORDER BY [t].[CartID], [t0].[CartItemId]
2024-08-31 19:54:22.348 +03:00 [INF] Executing OkObjectResult, writing value of type 'System.Collections.Generic.List`1[[asp.netwebApiTask_8_24_2024_.DTOs.CartItemRequestDTO, asp.netwebApiTask(8-24-2024), Version=1.0.0.0, Culture=neutral, PublicKeyToken=null]]'.
2024-08-31 19:54:22.349 +03:00 [INF] Executed action asp.netwebApiTask_8_24_2024_.Controllers.CartItemController.GetCartByID (asp.netwebApiTask(8-24-2024)) in 4.9714ms
2024-08-31 19:54:22.351 +03:00 [INF] Executed endpoint 'asp.netwebApiTask_8_24_2024_.Controllers.CartItemController.GetCartByID (asp.netwebApiTask(8-24-2024))'
2024-08-31 19:54:22.352 +03:00 [INF] Request finished HTTP/2 GET https://localhost:7216/api/CartItem/getCartByID/1 - 200 null application/json; charset=utf-8 14.6294ms
